#! /c/Source/iverilog-install/bin/vvp
:ivl_version "12.0 (devel)" "(s20150603-1539-g2693dd32b)";
:ivl_delay_selection "TYPICAL";
:vpi_time_precision + 0;
:vpi_module "C:\iverilog\lib\ivl\system.vpi";
:vpi_module "C:\iverilog\lib\ivl\vhdl_sys.vpi";
:vpi_module "C:\iverilog\lib\ivl\vhdl_textio.vpi";
:vpi_module "C:\iverilog\lib\ivl\v2005_math.vpi";
:vpi_module "C:\iverilog\lib\ivl\va_math.vpi";
S_000001be381fbc20 .scope module, "frame_generator" "frame_generator" 2 1;
 .timescale 0 0;
    .port_info 0 /OUTPUT 8 "frame_data";
    .port_info 1 /OUTPUT 8 "crc";
    .port_info 2 /INPUT 1 "clk";
    .port_info 3 /INPUT 1 "reset";
    .port_info 4 /INPUT 1 "start";
    .port_info 5 /INPUT 8 "frame_data_in0";
    .port_info 6 /INPUT 8 "frame_data_in1";
    .port_info 7 /INPUT 8 "frame_data_in2";
    .port_info 8 /INPUT 8 "frame_data_in3";
    .port_info 9 /INPUT 8 "frame_data_in4";
    .port_info 10 /INPUT 8 "frame_data_in5";
    .port_info 11 /INPUT 8 "frame_data_in6";
    .port_info 12 /INPUT 8 "frame_data_in7";
    .port_info 13 /INPUT 8 "frame_data_in8";
    .port_info 14 /INPUT 8 "frame_data_in9";
    .port_info 15 /INPUT 8 "frame_data_in10";
    .port_info 16 /INPUT 8 "frame_data_in11";
    .port_info 17 /INPUT 8 "frame_data_in12";
    .port_info 18 /INPUT 8 "frame_data_in13";
    .port_info 19 /INPUT 8 "frame_data_in14";
    .port_info 20 /INPUT 8 "frame_data_in15";
v000001be382134f0_0 .var "byte_counter", 3 0;
o000001be3825e008 .functor BUFZ 1, C4<z>; HiZ drive
v000001be381fec30_0 .net "clk", 0 0, o000001be3825e008;  0 drivers
v000001be3823b1d0_0 .var "crc", 7 0;
v000001be3823b270_0 .var "frame_data", 7 0;
o000001be3825e098 .functor BUFZ 8, C4<zzzzzzzz>; HiZ drive
v000001be38253990_0 .net "frame_data_in0", 7 0, o000001be3825e098;  0 drivers
o000001be3825e0c8 .functor BUFZ 8, C4<zzzzzzzz>; HiZ drive
v000001be38253a30_0 .net "frame_data_in1", 7 0, o000001be3825e0c8;  0 drivers
o000001be3825e0f8 .functor BUFZ 8, C4<zzzzzzzz>; HiZ drive
v000001be38253ad0_0 .net "frame_data_in10", 7 0, o000001be3825e0f8;  0 drivers
o000001be3825e128 .functor BUFZ 8, C4<zzzzzzzz>; HiZ drive
v000001be38253b70_0 .net "frame_data_in11", 7 0, o000001be3825e128;  0 drivers
o000001be3825e158 .functor BUFZ 8, C4<zzzzzzzz>; HiZ drive
v000001be38212ce0_0 .net "frame_data_in12", 7 0, o000001be3825e158;  0 drivers
o000001be3825e188 .functor BUFZ 8, C4<zzzzzzzz>; HiZ drive
v000001be38212d80_0 .net "frame_data_in13", 7 0, o000001be3825e188;  0 drivers
o000001be3825e1b8 .functor BUFZ 8, C4<zzzzzzzz>; HiZ drive
v000001be38212e20_0 .net "frame_data_in14", 7 0, o000001be3825e1b8;  0 drivers
o000001be3825e1e8 .functor BUFZ 8, C4<zzzzzzzz>; HiZ drive
v000001be38212ec0_0 .net "frame_data_in15", 7 0, o000001be3825e1e8;  0 drivers
o000001be3825e218 .functor BUFZ 8, C4<zzzzzzzz>; HiZ drive
v000001be38212f60_0 .net "frame_data_in2", 7 0, o000001be3825e218;  0 drivers
o000001be3825e248 .functor BUFZ 8, C4<zzzzzzzz>; HiZ drive
v000001be382ab700_0 .net "frame_data_in3", 7 0, o000001be3825e248;  0 drivers
o000001be3825e278 .functor BUFZ 8, C4<zzzzzzzz>; HiZ drive
v000001be382ab520_0 .net "frame_data_in4", 7 0, o000001be3825e278;  0 drivers
o000001be3825e2a8 .functor BUFZ 8, C4<zzzzzzzz>; HiZ drive
v000001be382aa940_0 .net "frame_data_in5", 7 0, o000001be3825e2a8;  0 drivers
o000001be3825e2d8 .functor BUFZ 8, C4<zzzzzzzz>; HiZ drive
v000001be382aada0_0 .net "frame_data_in6", 7 0, o000001be3825e2d8;  0 drivers
o000001be3825e308 .functor BUFZ 8, C4<zzzzzzzz>; HiZ drive
v000001be382aa9e0_0 .net "frame_data_in7", 7 0, o000001be3825e308;  0 drivers
o000001be3825e338 .functor BUFZ 8, C4<zzzzzzzz>; HiZ drive
v000001be382aabc0_0 .net "frame_data_in8", 7 0, o000001be3825e338;  0 drivers
o000001be3825e368 .functor BUFZ 8, C4<zzzzzzzz>; HiZ drive
v000001be382ab020_0 .net "frame_data_in9", 7 0, o000001be3825e368;  0 drivers
o000001be3825e398 .functor BUFZ 1, C4<z>; HiZ drive
v000001be382aae40_0 .net "reset", 0 0, o000001be3825e398;  0 drivers
o000001be3825e3c8 .functor BUFZ 1, C4<z>; HiZ drive
v000001be382aaa80_0 .net "start", 0 0, o000001be3825e3c8;  0 drivers
v000001be382ab3e0_0 .var "transmitting", 0 0;
E_000001be38237480 .event posedge, v000001be382aae40_0, v000001be381fec30_0;
S_000001be38253800 .scope module, "frame_receiver_tb" "frame_receiver_tb" 3 1;
 .timescale 0 0;
v000001be382aaee0_0 .var "clk", 0 0;
v000001be382ab480_0 .var "crc_received", 7 0;
v000001be382aaf80_0 .net "crc_valid", 0 0, v000001be382ab340_0;  1 drivers
v000001be382ab0c0_0 .var "frame_data", 7 0;
v000001be382ab160_0 .var "reset", 0 0;
S_000001be382ab910 .scope module, "uut" "frame_receiver" 3 11, 4 1 0, S_000001be38253800;
 .timescale 0 0;
    .port_info 0 /INPUT 8 "frame_data";
    .port_info 1 /INPUT 8 "crc_received";
    .port_info 2 /INPUT 1 "clk";
    .port_info 3 /INPUT 1 "reset";
    .port_info 4 /OUTPUT 1 "crc_valid";
v000001be382ab7a0_0 .net "clk", 0 0, v000001be382aaee0_0;  1 drivers
v000001be382aac60_0 .net "crc_received", 7 0, v000001be382ab480_0;  1 drivers
v000001be382ab340_0 .var "crc_valid", 0 0;
v000001be382aab20_0 .net "frame_data", 7 0, v000001be382ab0c0_0;  1 drivers
v000001be382aa8a0_0 .var "received_crc", 7 0;
v000001be382aad00_0 .net "reset", 0 0, v000001be382ab160_0;  1 drivers
E_000001be38237980 .event posedge, v000001be382aad00_0, v000001be382ab7a0_0;
    .scope S_000001be381fbc20;
T_0 ;
    %wait E_000001be38237480;
    %load/vec4 v000001be382aae40_0;
    %flag_set/vec4 8;
    %jmp/0xz  T_0.0, 8;
    %pushi/vec4 0, 0, 8;
    %assign/vec4 v000001be3823b1d0_0, 0;
    %jmp T_0.1;
T_0.0 ;
    %load/vec4 v000001be382ab3e0_0;
    %flag_set/vec4 8;
    %jmp/0xz  T_0.2, 8;
    %load/vec4 v000001be3823b1d0_0;
    %load/vec4 v000001be3823b270_0;
    %xor;
    %assign/vec4 v000001be3823b1d0_0, 0;
T_0.2 ;
T_0.1 ;
    %jmp T_0;
    .thread T_0;
    .scope S_000001be381fbc20;
T_1 ;
    %wait E_000001be38237480;
    %load/vec4 v000001be382aae40_0;
    %flag_set/vec4 8;
    %jmp/0xz  T_1.0, 8;
    %pushi/vec4 0, 0, 8;
    %assign/vec4 v000001be3823b270_0, 0;
    %pushi/vec4 0, 0, 4;
    %assign/vec4 v000001be382134f0_0, 0;
    %pushi/vec4 0, 0, 1;
    %assign/vec4 v000001be382ab3e0_0, 0;
    %jmp T_1.1;
T_1.0 ;
    %load/vec4 v000001be382aaa80_0;
    %flag_set/vec4 9;
    %flag_get/vec4 9;
    %jmp/0 T_1.4, 9;
    %load/vec4 v000001be382ab3e0_0;
    %nor/r;
    %and;
T_1.4;
    %flag_set/vec4 8;
    %jmp/0xz  T_1.2, 8;
    %pushi/vec4 1, 0, 1;
    %assign/vec4 v000001be382ab3e0_0, 0;
    %pushi/vec4 0, 0, 4;
    %assign/vec4 v000001be382134f0_0, 0;
    %jmp T_1.3;
T_1.2 ;
    %load/vec4 v000001be382ab3e0_0;
    %flag_set/vec4 8;
    %jmp/0xz  T_1.5, 8;
    %load/vec4 v000001be382134f0_0;
    %dup/vec4;
    %pushi/vec4 0, 0, 4;
    %cmp/u;
    %jmp/1 T_1.7, 6;
    %dup/vec4;
    %pushi/vec4 1, 0, 4;
    %cmp/u;
    %jmp/1 T_1.8, 6;
    %dup/vec4;
    %pushi/vec4 2, 0, 4;
    %cmp/u;
    %jmp/1 T_1.9, 6;
    %dup/vec4;
    %pushi/vec4 3, 0, 4;
    %cmp/u;
    %jmp/1 T_1.10, 6;
    %dup/vec4;
    %pushi/vec4 4, 0, 4;
    %cmp/u;
    %jmp/1 T_1.11, 6;
    %dup/vec4;
    %pushi/vec4 5, 0, 4;
    %cmp/u;
    %jmp/1 T_1.12, 6;
    %dup/vec4;
    %pushi/vec4 6, 0, 4;
    %cmp/u;
    %jmp/1 T_1.13, 6;
    %dup/vec4;
    %pushi/vec4 7, 0, 4;
    %cmp/u;
    %jmp/1 T_1.14, 6;
    %dup/vec4;
    %pushi/vec4 8, 0, 4;
    %cmp/u;
    %jmp/1 T_1.15, 6;
    %dup/vec4;
    %pushi/vec4 9, 0, 4;
    %cmp/u;
    %jmp/1 T_1.16, 6;
    %dup/vec4;
    %pushi/vec4 10, 0, 4;
    %cmp/u;
    %jmp/1 T_1.17, 6;
    %dup/vec4;
    %pushi/vec4 11, 0, 4;
    %cmp/u;
    %jmp/1 T_1.18, 6;
    %dup/vec4;
    %pushi/vec4 12, 0, 4;
    %cmp/u;
    %jmp/1 T_1.19, 6;
    %dup/vec4;
    %pushi/vec4 13, 0, 4;
    %cmp/u;
    %jmp/1 T_1.20, 6;
    %dup/vec4;
    %pushi/vec4 14, 0, 4;
    %cmp/u;
    %jmp/1 T_1.21, 6;
    %dup/vec4;
    %pushi/vec4 15, 0, 4;
    %cmp/u;
    %jmp/1 T_1.22, 6;
    %pushi/vec4 0, 0, 8;
    %assign/vec4 v000001be3823b270_0, 0;
    %jmp T_1.24;
T_1.7 ;
    %load/vec4 v000001be38253990_0;
    %assign/vec4 v000001be3823b270_0, 0;
    %jmp T_1.24;
T_1.8 ;
    %load/vec4 v000001be38253a30_0;
    %assign/vec4 v000001be3823b270_0, 0;
    %jmp T_1.24;
T_1.9 ;
    %load/vec4 v000001be38212f60_0;
    %assign/vec4 v000001be3823b270_0, 0;
    %jmp T_1.24;
T_1.10 ;
    %load/vec4 v000001be382ab700_0;
    %assign/vec4 v000001be3823b270_0, 0;
    %jmp T_1.24;
T_1.11 ;
    %load/vec4 v000001be382ab520_0;
    %assign/vec4 v000001be3823b270_0, 0;
    %jmp T_1.24;
T_1.12 ;
    %load/vec4 v000001be382aa940_0;
    %assign/vec4 v000001be3823b270_0, 0;
    %jmp T_1.24;
T_1.13 ;
    %load/vec4 v000001be382aada0_0;
    %assign/vec4 v000001be3823b270_0, 0;
    %jmp T_1.24;
T_1.14 ;
    %load/vec4 v000001be382aa9e0_0;
    %assign/vec4 v000001be3823b270_0, 0;
    %jmp T_1.24;
T_1.15 ;
    %load/vec4 v000001be382aabc0_0;
    %assign/vec4 v000001be3823b270_0, 0;
    %jmp T_1.24;
T_1.16 ;
    %load/vec4 v000001be382ab020_0;
    %assign/vec4 v000001be3823b270_0, 0;
    %jmp T_1.24;
T_1.17 ;
    %load/vec4 v000001be38253ad0_0;
    %assign/vec4 v000001be3823b270_0, 0;
    %jmp T_1.24;
T_1.18 ;
    %load/vec4 v000001be38253b70_0;
    %assign/vec4 v000001be3823b270_0, 0;
    %jmp T_1.24;
T_1.19 ;
    %load/vec4 v000001be38212ce0_0;
    %assign/vec4 v000001be3823b270_0, 0;
    %jmp T_1.24;
T_1.20 ;
    %load/vec4 v000001be38212d80_0;
    %assign/vec4 v000001be3823b270_0, 0;
    %jmp T_1.24;
T_1.21 ;
    %load/vec4 v000001be38212e20_0;
    %assign/vec4 v000001be3823b270_0, 0;
    %jmp T_1.24;
T_1.22 ;
    %load/vec4 v000001be38212ec0_0;
    %assign/vec4 v000001be3823b270_0, 0;
    %jmp T_1.24;
T_1.24 ;
    %pop/vec4 1;
    %load/vec4 v000001be382134f0_0;
    %addi 1, 0, 4;
    %assign/vec4 v000001be382134f0_0, 0;
    %load/vec4 v000001be382134f0_0;
    %cmpi/e 15, 0, 4;
    %jmp/0xz  T_1.25, 4;
    %pushi/vec4 0, 0, 1;
    %assign/vec4 v000001be382ab3e0_0, 0;
T_1.25 ;
T_1.5 ;
T_1.3 ;
T_1.1 ;
    %jmp T_1;
    .thread T_1;
    .scope S_000001be382ab910;
T_2 ;
    %wait E_000001be38237980;
    %load/vec4 v000001be382aad00_0;
    %flag_set/vec4 8;
    %jmp/0xz  T_2.0, 8;
    %pushi/vec4 0, 0, 8;
    %assign/vec4 v000001be382aa8a0_0, 0;
    %pushi/vec4 0, 0, 1;
    %assign/vec4 v000001be382ab340_0, 0;
    %jmp T_2.1;
T_2.0 ;
    %load/vec4 v000001be382aa8a0_0;
    %load/vec4 v000001be382aab20_0;
    %xor;
    %assign/vec4 v000001be382aa8a0_0, 0;
    %load/vec4 v000001be382aab20_0;
    %cmpi/e 16, 0, 8;
    %jmp/0xz  T_2.2, 4;
    %load/vec4 v000001be382aa8a0_0;
    %load/vec4 v000001be382aac60_0;
    %cmp/e;
    %jmp/0xz  T_2.4, 4;
    %pushi/vec4 1, 0, 1;
    %assign/vec4 v000001be382ab340_0, 0;
    %jmp T_2.5;
T_2.4 ;
    %pushi/vec4 0, 0, 1;
    %assign/vec4 v000001be382ab340_0, 0;
T_2.5 ;
T_2.2 ;
T_2.1 ;
    %jmp T_2;
    .thread T_2;
    .scope S_000001be38253800;
T_3 ;
    %delay 5, 0;
    %load/vec4 v000001be382aaee0_0;
    %inv;
    %store/vec4 v000001be382aaee0_0, 0, 1;
    %jmp T_3;
    .thread T_3;
    .scope S_000001be38253800;
T_4 ;
    %pushi/vec4 0, 0, 1;
    %store/vec4 v000001be382aaee0_0, 0, 1;
    %pushi/vec4 0, 0, 1;
    %store/vec4 v000001be382ab160_0, 0, 1;
    %pushi/vec4 0, 0, 8;
    %store/vec4 v000001be382ab0c0_0, 0, 8;
    %pushi/vec4 0, 0, 8;
    %store/vec4 v000001be382ab480_0, 0, 8;
    %pushi/vec4 1, 0, 1;
    %store/vec4 v000001be382ab160_0, 0, 1;
    %delay 10, 0;
    %pushi/vec4 0, 0, 1;
    %store/vec4 v000001be382ab160_0, 0, 1;
    %pushi/vec4 1, 0, 8;
    %store/vec4 v000001be382ab0c0_0, 0, 8;
    %pushi/vec4 1, 0, 8;
    %store/vec4 v000001be382ab480_0, 0, 8;
    %delay 10, 0;
    %pushi/vec4 2, 0, 8;
    %store/vec4 v000001be382ab0c0_0, 0, 8;
    %pushi/vec4 3, 0, 8;
    %store/vec4 v000001be382ab480_0, 0, 8;
    %delay 10, 0;
    %pushi/vec4 16, 0, 8;
    %store/vec4 v000001be382ab0c0_0, 0, 8;
    %pushi/vec4 17, 0, 8;
    %store/vec4 v000001be382ab480_0, 0, 8;
    %delay 10, 0;
    %vpi_call 3 48 "$finish" {0 0 0};
    %end;
    .thread T_4;
    .scope S_000001be38253800;
T_5 ;
    %vpi_call 3 53 "$dumpfile", "frame_receiver_tb.vcd" {0 0 0};
    %vpi_call 3 54 "$dumpvars", 32'sb00000000000000000000000000000000, S_000001be38253800 {0 0 0};
    %end;
    .thread T_5;
# The file index is used to find the file name in the following table.
:file_names 5;
    "N/A";
    "<interactive>";
    "frame_generator.v";
    "frame_receiver_tb.v";
    "frame_receiver.v";
