#! /c/Source/iverilog-install/bin/vvp
:ivl_version "12.0 (devel)" "(s20150603-1539-g2693dd32b)";
:ivl_delay_selection "TYPICAL";
:vpi_time_precision + 0;
:vpi_module "C:\iverilog\lib\ivl\system.vpi";
:vpi_module "C:\iverilog\lib\ivl\vhdl_sys.vpi";
:vpi_module "C:\iverilog\lib\ivl\vhdl_textio.vpi";
:vpi_module "C:\iverilog\lib\ivl\v2005_math.vpi";
:vpi_module "C:\iverilog\lib\ivl\va_math.vpi";
S_00000209c7fccc10 .scope module, "frame_generator_with_padding_tb" "frame_generator_with_padding_tb" 2 1;
 .timescale 0 0;
v00000209c803edc0_0 .var "clk", 0 0;
v00000209c803ef00_0 .net "frame_data", 7 0, v00000209c7fe0a70_0;  1 drivers
v00000209c803efa0_0 .var "frame_data_in0", 7 0;
v00000209c803f5e0_0 .var "frame_data_in1", 7 0;
v00000209c803f040_0 .var "frame_data_in10", 7 0;
v00000209c803f180_0 .var "frame_data_in11", 7 0;
v00000209c803f540_0 .var "frame_data_in12", 7 0;
v00000209c803ea00_0 .var "frame_data_in13", 7 0;
v00000209c803f680_0 .var "frame_data_in14", 7 0;
v00000209c803f0e0_0 .var "frame_data_in15", 7 0;
v00000209c803e8c0_0 .var "frame_data_in2", 7 0;
v00000209c803eaa0_0 .var "frame_data_in3", 7 0;
v00000209c803f2c0_0 .var "frame_data_in4", 7 0;
v00000209c803f360_0 .var "frame_data_in5", 7 0;
v00000209c803f4a0_0 .var "frame_data_in6", 7 0;
v00000209c8040910_0 .var "frame_data_in7", 7 0;
v00000209c8040e10_0 .var "frame_data_in8", 7 0;
v00000209c8040050_0 .var "frame_data_in9", 7 0;
v00000209c8040eb0_0 .var "reset", 0 0;
v00000209c8040a50_0 .var "start", 0 0;
v00000209c8040230_0 .net "valid", 0 0, v00000209c803f220_0;  1 drivers
S_00000209c7fe07a0 .scope module, "uut" "frame_generator_with_padding" 2 14, 3 1 0, S_00000209c7fccc10;
 .timescale 0 0;
    .port_info 0 /OUTPUT 8 "frame_data";
    .port_info 1 /OUTPUT 1 "valid";
    .port_info 2 /INPUT 1 "clk";
    .port_info 3 /INPUT 1 "reset";
    .port_info 4 /INPUT 1 "start";
    .port_info 5 /INPUT 8 "frame_data_in0";
    .port_info 6 /INPUT 8 "frame_data_in1";
    .port_info 7 /INPUT 8 "frame_data_in2";
    .port_info 8 /INPUT 8 "frame_data_in3";
    .port_info 9 /INPUT 8 "frame_data_in4";
    .port_info 10 /INPUT 8 "frame_data_in5";
    .port_info 11 /INPUT 8 "frame_data_in6";
    .port_info 12 /INPUT 8 "frame_data_in7";
    .port_info 13 /INPUT 8 "frame_data_in8";
    .port_info 14 /INPUT 8 "frame_data_in9";
    .port_info 15 /INPUT 8 "frame_data_in10";
    .port_info 16 /INPUT 8 "frame_data_in11";
    .port_info 17 /INPUT 8 "frame_data_in12";
    .port_info 18 /INPUT 8 "frame_data_in13";
    .port_info 19 /INPUT 8 "frame_data_in14";
    .port_info 20 /INPUT 8 "frame_data_in15";
P_00000209c7fd6fd0 .param/l "EOF" 1 3 20, C4<01111111>;
P_00000209c7fd7008 .param/l "MIN_FRAME_SIZE" 1 3 21, +C4<00000000000000000000000001000000>;
P_00000209c7fd7040 .param/l "SOF" 1 3 19, C4<01111110>;
v00000209c7f8bd90_0 .var "byte_counter", 3 0;
v00000209c7fe0930_0 .net "clk", 0 0, v00000209c803edc0_0;  1 drivers
v00000209c7fe09d0 .array "frame_buffer", 15 0, 7 0;
v00000209c7fe0a70_0 .var "frame_data", 7 0;
v00000209c7fe0b10_0 .net "frame_data_in0", 7 0, v00000209c803efa0_0;  1 drivers
v00000209c7fd47c0_0 .net "frame_data_in1", 7 0, v00000209c803f5e0_0;  1 drivers
v00000209c7fd4860_0 .net "frame_data_in10", 7 0, v00000209c803f040_0;  1 drivers
v00000209c7fd4900_0 .net "frame_data_in11", 7 0, v00000209c803f180_0;  1 drivers
v00000209c7fd49a0_0 .net "frame_data_in12", 7 0, v00000209c803f540_0;  1 drivers
v00000209c7fd4a40_0 .net "frame_data_in13", 7 0, v00000209c803ea00_0;  1 drivers
v00000209c7fd4ae0_0 .net "frame_data_in14", 7 0, v00000209c803f680_0;  1 drivers
v00000209c7fd4b80_0 .net "frame_data_in15", 7 0, v00000209c803f0e0_0;  1 drivers
v00000209c7fd4c20_0 .net "frame_data_in2", 7 0, v00000209c803e8c0_0;  1 drivers
v00000209c7fd4cc0_0 .net "frame_data_in3", 7 0, v00000209c803eaa0_0;  1 drivers
v00000209c7fd4d60_0 .net "frame_data_in4", 7 0, v00000209c803f2c0_0;  1 drivers
v00000209c803eb40_0 .net "frame_data_in5", 7 0, v00000209c803f360_0;  1 drivers
v00000209c803f720_0 .net "frame_data_in6", 7 0, v00000209c803f4a0_0;  1 drivers
v00000209c803ec80_0 .net "frame_data_in7", 7 0, v00000209c8040910_0;  1 drivers
v00000209c803e960_0 .net "frame_data_in8", 7 0, v00000209c8040e10_0;  1 drivers
v00000209c803ebe0_0 .net "frame_data_in9", 7 0, v00000209c8040050_0;  1 drivers
v00000209c803f400_0 .var/i "frame_length", 31 0;
v00000209c803ed20_0 .net "reset", 0 0, v00000209c8040eb0_0;  1 drivers
v00000209c803ee60_0 .net "start", 0 0, v00000209c8040a50_0;  1 drivers
v00000209c803f7c0_0 .var "transmitting", 0 0;
v00000209c803f220_0 .var "valid", 0 0;
E_00000209c7fcfc10 .event posedge, v00000209c803ed20_0, v00000209c7fe0930_0;
    .scope S_00000209c7fe07a0;
T_0 ;
    %wait E_00000209c7fcfc10;
    %load/vec4 v00000209c803ed20_0;
    %flag_set/vec4 8;
    %jmp/0xz  T_0.0, 8;
    %pushi/vec4 0, 0, 8;
    %assign/vec4 v00000209c7fe0a70_0, 0;
    %pushi/vec4 0, 0, 1;
    %assign/vec4 v00000209c803f220_0, 0;
    %pushi/vec4 0, 0, 4;
    %assign/vec4 v00000209c7f8bd90_0, 0;
    %pushi/vec4 0, 0, 1;
    %assign/vec4 v00000209c803f7c0_0, 0;
    %pushi/vec4 0, 0, 32;
    %assign/vec4 v00000209c803f400_0, 0;
    %jmp T_0.1;
T_0.0 ;
    %load/vec4 v00000209c803ee60_0;
    %flag_set/vec4 9;
    %flag_get/vec4 9;
    %jmp/0 T_0.4, 9;
    %load/vec4 v00000209c803f7c0_0;
    %nor/r;
    %and;
T_0.4;
    %flag_set/vec4 8;
    %jmp/0xz  T_0.2, 8;
    %pushi/vec4 1, 0, 1;
    %assign/vec4 v00000209c803f7c0_0, 0;
    %pushi/vec4 0, 0, 4;
    %assign/vec4 v00000209c7f8bd90_0, 0;
    %pushi/vec4 0, 0, 32;
    %assign/vec4 v00000209c803f400_0, 0;
    %pushi/vec4 1, 0, 1;
    %assign/vec4 v00000209c803f220_0, 0;
    %load/vec4 v00000209c7fe0b10_0;
    %ix/load 3, 0, 0;
    %flag_set/imm 4, 0;
    %ix/load 4, 0, 0; Constant delay
    %assign/vec4/a/d v00000209c7fe09d0, 0, 4;
    %load/vec4 v00000209c7fd47c0_0;
    %ix/load 3, 1, 0;
    %flag_set/imm 4, 0;
    %ix/load 4, 0, 0; Constant delay
    %assign/vec4/a/d v00000209c7fe09d0, 0, 4;
    %load/vec4 v00000209c7fd4c20_0;
    %ix/load 3, 2, 0;
    %flag_set/imm 4, 0;
    %ix/load 4, 0, 0; Constant delay
    %assign/vec4/a/d v00000209c7fe09d0, 0, 4;
    %load/vec4 v00000209c7fd4cc0_0;
    %ix/load 3, 3, 0;
    %flag_set/imm 4, 0;
    %ix/load 4, 0, 0; Constant delay
    %assign/vec4/a/d v00000209c7fe09d0, 0, 4;
    %load/vec4 v00000209c7fd4d60_0;
    %ix/load 3, 4, 0;
    %flag_set/imm 4, 0;
    %ix/load 4, 0, 0; Constant delay
    %assign/vec4/a/d v00000209c7fe09d0, 0, 4;
    %load/vec4 v00000209c803eb40_0;
    %ix/load 3, 5, 0;
    %flag_set/imm 4, 0;
    %ix/load 4, 0, 0; Constant delay
    %assign/vec4/a/d v00000209c7fe09d0, 0, 4;
    %load/vec4 v00000209c803f720_0;
    %ix/load 3, 6, 0;
    %flag_set/imm 4, 0;
    %ix/load 4, 0, 0; Constant delay
    %assign/vec4/a/d v00000209c7fe09d0, 0, 4;
    %load/vec4 v00000209c803ec80_0;
    %ix/load 3, 7, 0;
    %flag_set/imm 4, 0;
    %ix/load 4, 0, 0; Constant delay
    %assign/vec4/a/d v00000209c7fe09d0, 0, 4;
    %load/vec4 v00000209c803e960_0;
    %ix/load 3, 8, 0;
    %flag_set/imm 4, 0;
    %ix/load 4, 0, 0; Constant delay
    %assign/vec4/a/d v00000209c7fe09d0, 0, 4;
    %load/vec4 v00000209c803ebe0_0;
    %ix/load 3, 9, 0;
    %flag_set/imm 4, 0;
    %ix/load 4, 0, 0; Constant delay
    %assign/vec4/a/d v00000209c7fe09d0, 0, 4;
    %load/vec4 v00000209c7fd4860_0;
    %ix/load 3, 10, 0;
    %flag_set/imm 4, 0;
    %ix/load 4, 0, 0; Constant delay
    %assign/vec4/a/d v00000209c7fe09d0, 0, 4;
    %load/vec4 v00000209c7fd4900_0;
    %ix/load 3, 11, 0;
    %flag_set/imm 4, 0;
    %ix/load 4, 0, 0; Constant delay
    %assign/vec4/a/d v00000209c7fe09d0, 0, 4;
    %load/vec4 v00000209c7fd49a0_0;
    %ix/load 3, 12, 0;
    %flag_set/imm 4, 0;
    %ix/load 4, 0, 0; Constant delay
    %assign/vec4/a/d v00000209c7fe09d0, 0, 4;
    %load/vec4 v00000209c7fd4a40_0;
    %ix/load 3, 13, 0;
    %flag_set/imm 4, 0;
    %ix/load 4, 0, 0; Constant delay
    %assign/vec4/a/d v00000209c7fe09d0, 0, 4;
    %load/vec4 v00000209c7fd4ae0_0;
    %ix/load 3, 14, 0;
    %flag_set/imm 4, 0;
    %ix/load 4, 0, 0; Constant delay
    %assign/vec4/a/d v00000209c7fe09d0, 0, 4;
    %load/vec4 v00000209c7fd4b80_0;
    %ix/load 3, 15, 0;
    %flag_set/imm 4, 0;
    %ix/load 4, 0, 0; Constant delay
    %assign/vec4/a/d v00000209c7fe09d0, 0, 4;
    %jmp T_0.3;
T_0.2 ;
    %load/vec4 v00000209c803f7c0_0;
    %flag_set/vec4 8;
    %jmp/0xz  T_0.5, 8;
    %load/vec4 v00000209c7f8bd90_0;
    %pad/u 32;
    %cmpi/e 0, 0, 32;
    %jmp/0xz  T_0.7, 4;
    %pushi/vec4 126, 0, 8;
    %assign/vec4 v00000209c7fe0a70_0, 0;
    %jmp T_0.8;
T_0.7 ;
    %load/vec4 v00000209c7f8bd90_0;
    %pad/u 32;
    %cmpi/u 15, 0, 32;
    %flag_or 5, 4;
    %jmp/0xz  T_0.9, 5;
    %load/vec4 v00000209c7f8bd90_0;
    %pad/u 6;
    %ix/vec4 4;
    %load/vec4a v00000209c7fe09d0, 4;
    %assign/vec4 v00000209c7fe0a70_0, 0;
    %jmp T_0.10;
T_0.9 ;
    %load/vec4 v00000209c7f8bd90_0;
    %pad/u 32;
    %cmpi/e 16, 0, 32;
    %jmp/0xz  T_0.11, 4;
    %load/vec4 v00000209c803f400_0;
    %cmpi/s 64, 0, 32;
    %jmp/0xz  T_0.13, 5;
    %pushi/vec4 0, 0, 8;
    %assign/vec4 v00000209c7fe0a70_0, 0;
    %jmp T_0.14;
T_0.13 ;
    %pushi/vec4 127, 0, 8;
    %assign/vec4 v00000209c7fe0a70_0, 0;
T_0.14 ;
    %jmp T_0.12;
T_0.11 ;
    %pushi/vec4 0, 0, 1;
    %assign/vec4 v00000209c803f220_0, 0;
    %pushi/vec4 0, 0, 1;
    %assign/vec4 v00000209c803f7c0_0, 0;
T_0.12 ;
T_0.10 ;
T_0.8 ;
    %load/vec4 v00000209c7f8bd90_0;
    %addi 1, 0, 4;
    %assign/vec4 v00000209c7f8bd90_0, 0;
    %load/vec4 v00000209c803f400_0;
    %addi 1, 0, 32;
    %assign/vec4 v00000209c803f400_0, 0;
T_0.5 ;
T_0.3 ;
T_0.1 ;
    %jmp T_0;
    .thread T_0;
    .scope S_00000209c7fccc10;
T_1 ;
    %delay 5, 0;
    %load/vec4 v00000209c803edc0_0;
    %inv;
    %store/vec4 v00000209c803edc0_0, 0, 1;
    %jmp T_1;
    .thread T_1;
    .scope S_00000209c7fccc10;
T_2 ;
    %vpi_call 2 45 "$dumpfile", "frame_generator_with_padding.vcd" {0 0 0};
    %vpi_call 2 46 "$dumpvars", 32'sb00000000000000000000000000000000, S_00000209c7fccc10 {0 0 0};
    %pushi/vec4 0, 0, 1;
    %store/vec4 v00000209c803edc0_0, 0, 1;
    %pushi/vec4 0, 0, 1;
    %store/vec4 v00000209c8040eb0_0, 0, 1;
    %pushi/vec4 0, 0, 1;
    %store/vec4 v00000209c8040a50_0, 0, 1;
    %pushi/vec4 170, 0, 8;
    %store/vec4 v00000209c803efa0_0, 0, 8;
    %pushi/vec4 187, 0, 8;
    %store/vec4 v00000209c803f5e0_0, 0, 8;
    %pushi/vec4 204, 0, 8;
    %store/vec4 v00000209c803e8c0_0, 0, 8;
    %pushi/vec4 221, 0, 8;
    %store/vec4 v00000209c803eaa0_0, 0, 8;
    %pushi/vec4 238, 0, 8;
    %store/vec4 v00000209c803f2c0_0, 0, 8;
    %pushi/vec4 255, 0, 8;
    %store/vec4 v00000209c803f360_0, 0, 8;
    %pushi/vec4 1, 0, 8;
    %store/vec4 v00000209c803f4a0_0, 0, 8;
    %pushi/vec4 2, 0, 8;
    %store/vec4 v00000209c8040910_0, 0, 8;
    %pushi/vec4 3, 0, 8;
    %store/vec4 v00000209c8040e10_0, 0, 8;
    %pushi/vec4 4, 0, 8;
    %store/vec4 v00000209c8040050_0, 0, 8;
    %pushi/vec4 5, 0, 8;
    %store/vec4 v00000209c803f040_0, 0, 8;
    %pushi/vec4 6, 0, 8;
    %store/vec4 v00000209c803f180_0, 0, 8;
    %pushi/vec4 7, 0, 8;
    %store/vec4 v00000209c803f540_0, 0, 8;
    %pushi/vec4 8, 0, 8;
    %store/vec4 v00000209c803ea00_0, 0, 8;
    %pushi/vec4 9, 0, 8;
    %store/vec4 v00000209c803f680_0, 0, 8;
    %pushi/vec4 10, 0, 8;
    %store/vec4 v00000209c803f0e0_0, 0, 8;
    %delay 5, 0;
    %pushi/vec4 1, 0, 1;
    %store/vec4 v00000209c8040eb0_0, 0, 1;
    %delay 5, 0;
    %pushi/vec4 0, 0, 1;
    %store/vec4 v00000209c8040eb0_0, 0, 1;
    %delay 5, 0;
    %pushi/vec4 1, 0, 1;
    %store/vec4 v00000209c8040a50_0, 0, 1;
    %delay 5, 0;
    %pushi/vec4 0, 0, 1;
    %store/vec4 v00000209c8040a50_0, 0, 1;
    %delay 200, 0;
    %vpi_call 2 75 "$finish" {0 0 0};
    %end;
    .thread T_2;
# The file index is used to find the file name in the following table.
:file_names 4;
    "N/A";
    "<interactive>";
    "frame_generator_with_padding_tb.v";
    "frame_generator_with_padding.v";
