#! /c/Source/iverilog-install/bin/vvp
:ivl_version "12.0 (devel)" "(s20150603-1539-g2693dd32b)";
:ivl_delay_selection "TYPICAL";
:vpi_time_precision + 0;
:vpi_module "C:\iverilog\lib\ivl\system.vpi";
:vpi_module "C:\iverilog\lib\ivl\vhdl_sys.vpi";
:vpi_module "C:\iverilog\lib\ivl\vhdl_textio.vpi";
:vpi_module "C:\iverilog\lib\ivl\v2005_math.vpi";
:vpi_module "C:\iverilog\lib\ivl\va_math.vpi";
S_000001a00f322ae0 .scope module, "frame_generator_with_error_injection_tb" "frame_generator_with_error_injection_tb" 2 1;
 .timescale 0 0;
v000001a00f381050_0 .var "clk", 0 0;
v000001a00f3812d0_0 .var "error_injection", 0 0;
v000001a00f381910_0 .var "error_position", 7 0;
v000001a00f381730_0 .net "frame_data", 7 0, v000001a00f2e3040_0;  1 drivers
v000001a00f3817d0_0 .var "frame_data_in0", 7 0;
v000001a00f381cd0_0 .var "frame_data_in1", 7 0;
v000001a00f381370_0 .var "frame_data_in10", 7 0;
v000001a00f381d70_0 .var "frame_data_in11", 7 0;
v000001a00f381e10_0 .var "frame_data_in12", 7 0;
v000001a00f381410_0 .var "frame_data_in13", 7 0;
v000001a00f381f50_0 .var "frame_data_in14", 7 0;
v000001a00f3810f0_0 .var "frame_data_in15", 7 0;
v000001a00f382640_0 .var "frame_data_in2", 7 0;
v000001a00f382b40_0 .var "frame_data_in3", 7 0;
v000001a00f383400_0 .var "frame_data_in4", 7 0;
v000001a00f383680_0 .var "frame_data_in5", 7 0;
v000001a00f382a00_0 .var "frame_data_in6", 7 0;
v000001a00f383540_0 .var "frame_data_in7", 7 0;
v000001a00f384300_0 .var "frame_data_in8", 7 0;
v000001a00f383e00_0 .var "frame_data_in9", 7 0;
v000001a00f384080_0 .var "reset", 0 0;
v000001a00f3832c0_0 .var "start", 0 0;
v000001a00f3843a0_0 .net "valid", 0 0, v000001a00f381b90_0;  1 drivers
S_000001a00f322c70 .scope module, "uut" "frame_generator_with_error_injection" 2 16, 3 1 0, S_000001a00f322ae0;
 .timescale 0 0;
    .port_info 0 /OUTPUT 8 "frame_data";
    .port_info 1 /OUTPUT 1 "valid";
    .port_info 2 /INPUT 1 "clk";
    .port_info 3 /INPUT 1 "reset";
    .port_info 4 /INPUT 1 "start";
    .port_info 5 /INPUT 8 "frame_data_in0";
    .port_info 6 /INPUT 8 "frame_data_in1";
    .port_info 7 /INPUT 8 "frame_data_in2";
    .port_info 8 /INPUT 8 "frame_data_in3";
    .port_info 9 /INPUT 8 "frame_data_in4";
    .port_info 10 /INPUT 8 "frame_data_in5";
    .port_info 11 /INPUT 8 "frame_data_in6";
    .port_info 12 /INPUT 8 "frame_data_in7";
    .port_info 13 /INPUT 8 "frame_data_in8";
    .port_info 14 /INPUT 8 "frame_data_in9";
    .port_info 15 /INPUT 8 "frame_data_in10";
    .port_info 16 /INPUT 8 "frame_data_in11";
    .port_info 17 /INPUT 8 "frame_data_in12";
    .port_info 18 /INPUT 8 "frame_data_in13";
    .port_info 19 /INPUT 8 "frame_data_in14";
    .port_info 20 /INPUT 8 "frame_data_in15";
    .port_info 21 /INPUT 1 "error_injection";
    .port_info 22 /INPUT 8 "error_position";
P_000001a00f316fd0 .param/l "EOF" 1 3 23, C4<01111111>;
P_000001a00f317008 .param/l "MIN_FRAME_SIZE" 1 3 24, +C4<00000000000000000000000001000000>;
P_000001a00f317040 .param/l "SOF" 1 3 22, C4<01111110>;
v000001a00f322e00_0 .var "byte_counter", 3 0;
v000001a00f322ea0_0 .net "clk", 0 0, v000001a00f381050_0;  1 drivers
v000001a00f2e2e60_0 .net "error_injection", 0 0, v000001a00f3812d0_0;  1 drivers
v000001a00f2e2f00_0 .net "error_position", 7 0, v000001a00f381910_0;  1 drivers
v000001a00f2e2fa0 .array "frame_buffer", 15 0, 7 0;
v000001a00f2e3040_0 .var "frame_data", 7 0;
v000001a00f3149e0_0 .net "frame_data_in0", 7 0, v000001a00f3817d0_0;  1 drivers
v000001a00f314a80_0 .net "frame_data_in1", 7 0, v000001a00f381cd0_0;  1 drivers
v000001a00f314b20_0 .net "frame_data_in10", 7 0, v000001a00f381370_0;  1 drivers
v000001a00f314bc0_0 .net "frame_data_in11", 7 0, v000001a00f381d70_0;  1 drivers
v000001a00f314c60_0 .net "frame_data_in12", 7 0, v000001a00f381e10_0;  1 drivers
v000001a00f314d00_0 .net "frame_data_in13", 7 0, v000001a00f381410_0;  1 drivers
v000001a00f314da0_0 .net "frame_data_in14", 7 0, v000001a00f381f50_0;  1 drivers
v000001a00f314e40_0 .net "frame_data_in15", 7 0, v000001a00f3810f0_0;  1 drivers
v000001a00f314ee0_0 .net "frame_data_in2", 7 0, v000001a00f382640_0;  1 drivers
v000001a00f381870_0 .net "frame_data_in3", 7 0, v000001a00f382b40_0;  1 drivers
v000001a00f3819b0_0 .net "frame_data_in4", 7 0, v000001a00f383400_0;  1 drivers
v000001a00f3814b0_0 .net "frame_data_in5", 7 0, v000001a00f383680_0;  1 drivers
v000001a00f381a50_0 .net "frame_data_in6", 7 0, v000001a00f382a00_0;  1 drivers
v000001a00f381690_0 .net "frame_data_in7", 7 0, v000001a00f383540_0;  1 drivers
v000001a00f3815f0_0 .net "frame_data_in8", 7 0, v000001a00f384300_0;  1 drivers
v000001a00f381550_0 .net "frame_data_in9", 7 0, v000001a00f383e00_0;  1 drivers
v000001a00f381c30_0 .var/i "frame_length", 31 0;
v000001a00f381230_0 .var "injected_frame_data", 7 0;
v000001a00f381af0_0 .net "reset", 0 0, v000001a00f384080_0;  1 drivers
v000001a00f381eb0_0 .net "start", 0 0, v000001a00f3832c0_0;  1 drivers
v000001a00f381190_0 .var "transmitting", 0 0;
v000001a00f381b90_0 .var "valid", 0 0;
E_000001a00f30ab90 .event posedge, v000001a00f381af0_0, v000001a00f322ea0_0;
    .scope S_000001a00f322c70;
T_0 ;
    %wait E_000001a00f30ab90;
    %load/vec4 v000001a00f381af0_0;
    %flag_set/vec4 8;
    %jmp/0xz  T_0.0, 8;
    %pushi/vec4 0, 0, 8;
    %assign/vec4 v000001a00f2e3040_0, 0;
    %pushi/vec4 0, 0, 1;
    %assign/vec4 v000001a00f381b90_0, 0;
    %pushi/vec4 0, 0, 4;
    %assign/vec4 v000001a00f322e00_0, 0;
    %pushi/vec4 0, 0, 1;
    %assign/vec4 v000001a00f381190_0, 0;
    %pushi/vec4 0, 0, 32;
    %assign/vec4 v000001a00f381c30_0, 0;
    %jmp T_0.1;
T_0.0 ;
    %load/vec4 v000001a00f381eb0_0;
    %flag_set/vec4 9;
    %flag_get/vec4 9;
    %jmp/0 T_0.4, 9;
    %load/vec4 v000001a00f381190_0;
    %nor/r;
    %and;
T_0.4;
    %flag_set/vec4 8;
    %jmp/0xz  T_0.2, 8;
    %pushi/vec4 1, 0, 1;
    %assign/vec4 v000001a00f381190_0, 0;
    %pushi/vec4 0, 0, 4;
    %assign/vec4 v000001a00f322e00_0, 0;
    %pushi/vec4 0, 0, 32;
    %assign/vec4 v000001a00f381c30_0, 0;
    %pushi/vec4 1, 0, 1;
    %assign/vec4 v000001a00f381b90_0, 0;
    %load/vec4 v000001a00f3149e0_0;
    %ix/load 3, 0, 0;
    %flag_set/imm 4, 0;
    %ix/load 4, 0, 0; Constant delay
    %assign/vec4/a/d v000001a00f2e2fa0, 0, 4;
    %load/vec4 v000001a00f314a80_0;
    %ix/load 3, 1, 0;
    %flag_set/imm 4, 0;
    %ix/load 4, 0, 0; Constant delay
    %assign/vec4/a/d v000001a00f2e2fa0, 0, 4;
    %load/vec4 v000001a00f314ee0_0;
    %ix/load 3, 2, 0;
    %flag_set/imm 4, 0;
    %ix/load 4, 0, 0; Constant delay
    %assign/vec4/a/d v000001a00f2e2fa0, 0, 4;
    %load/vec4 v000001a00f381870_0;
    %ix/load 3, 3, 0;
    %flag_set/imm 4, 0;
    %ix/load 4, 0, 0; Constant delay
    %assign/vec4/a/d v000001a00f2e2fa0, 0, 4;
    %load/vec4 v000001a00f3819b0_0;
    %ix/load 3, 4, 0;
    %flag_set/imm 4, 0;
    %ix/load 4, 0, 0; Constant delay
    %assign/vec4/a/d v000001a00f2e2fa0, 0, 4;
    %load/vec4 v000001a00f3814b0_0;
    %ix/load 3, 5, 0;
    %flag_set/imm 4, 0;
    %ix/load 4, 0, 0; Constant delay
    %assign/vec4/a/d v000001a00f2e2fa0, 0, 4;
    %load/vec4 v000001a00f381a50_0;
    %ix/load 3, 6, 0;
    %flag_set/imm 4, 0;
    %ix/load 4, 0, 0; Constant delay
    %assign/vec4/a/d v000001a00f2e2fa0, 0, 4;
    %load/vec4 v000001a00f381690_0;
    %ix/load 3, 7, 0;
    %flag_set/imm 4, 0;
    %ix/load 4, 0, 0; Constant delay
    %assign/vec4/a/d v000001a00f2e2fa0, 0, 4;
    %load/vec4 v000001a00f3815f0_0;
    %ix/load 3, 8, 0;
    %flag_set/imm 4, 0;
    %ix/load 4, 0, 0; Constant delay
    %assign/vec4/a/d v000001a00f2e2fa0, 0, 4;
    %load/vec4 v000001a00f381550_0;
    %ix/load 3, 9, 0;
    %flag_set/imm 4, 0;
    %ix/load 4, 0, 0; Constant delay
    %assign/vec4/a/d v000001a00f2e2fa0, 0, 4;
    %load/vec4 v000001a00f314b20_0;
    %ix/load 3, 10, 0;
    %flag_set/imm 4, 0;
    %ix/load 4, 0, 0; Constant delay
    %assign/vec4/a/d v000001a00f2e2fa0, 0, 4;
    %load/vec4 v000001a00f314bc0_0;
    %ix/load 3, 11, 0;
    %flag_set/imm 4, 0;
    %ix/load 4, 0, 0; Constant delay
    %assign/vec4/a/d v000001a00f2e2fa0, 0, 4;
    %load/vec4 v000001a00f314c60_0;
    %ix/load 3, 12, 0;
    %flag_set/imm 4, 0;
    %ix/load 4, 0, 0; Constant delay
    %assign/vec4/a/d v000001a00f2e2fa0, 0, 4;
    %load/vec4 v000001a00f314d00_0;
    %ix/load 3, 13, 0;
    %flag_set/imm 4, 0;
    %ix/load 4, 0, 0; Constant delay
    %assign/vec4/a/d v000001a00f2e2fa0, 0, 4;
    %load/vec4 v000001a00f314da0_0;
    %ix/load 3, 14, 0;
    %flag_set/imm 4, 0;
    %ix/load 4, 0, 0; Constant delay
    %assign/vec4/a/d v000001a00f2e2fa0, 0, 4;
    %load/vec4 v000001a00f314e40_0;
    %ix/load 3, 15, 0;
    %flag_set/imm 4, 0;
    %ix/load 4, 0, 0; Constant delay
    %assign/vec4/a/d v000001a00f2e2fa0, 0, 4;
    %jmp T_0.3;
T_0.2 ;
    %load/vec4 v000001a00f381190_0;
    %flag_set/vec4 8;
    %jmp/0xz  T_0.5, 8;
    %load/vec4 v000001a00f2e2e60_0;
    %flag_set/vec4 9;
    %flag_get/vec4 9;
    %jmp/0 T_0.9, 9;
    %load/vec4 v000001a00f322e00_0;
    %pad/u 32;
    %cmpi/u 16, 0, 32;
    %flag_get/vec4 5;
    %and;
T_0.9;
    %flag_set/vec4 8;
    %jmp/0xz  T_0.7, 8;
    %load/vec4 v000001a00f322e00_0;
    %pad/u 6;
    %ix/vec4 4;
    %load/vec4a v000001a00f2e2fa0, 4;
    %store/vec4 v000001a00f381230_0, 0, 8;
    %load/vec4 v000001a00f381230_0;
    %pushi/vec4 1, 0, 8;
    %ix/getv 4, v000001a00f2e2f00_0;
    %shiftl 4;
    %xor;
    %store/vec4 v000001a00f381230_0, 0, 8;
    %load/vec4 v000001a00f381230_0;
    %assign/vec4 v000001a00f2e3040_0, 0;
    %jmp T_0.8;
T_0.7 ;
    %load/vec4 v000001a00f322e00_0;
    %pad/u 32;
    %cmpi/e 0, 0, 32;
    %jmp/0xz  T_0.10, 4;
    %pushi/vec4 126, 0, 8;
    %assign/vec4 v000001a00f2e3040_0, 0;
    %jmp T_0.11;
T_0.10 ;
    %load/vec4 v000001a00f322e00_0;
    %pad/u 32;
    %cmpi/u 15, 0, 32;
    %flag_or 5, 4;
    %jmp/0xz  T_0.12, 5;
    %load/vec4 v000001a00f322e00_0;
    %pad/u 6;
    %ix/vec4 4;
    %load/vec4a v000001a00f2e2fa0, 4;
    %assign/vec4 v000001a00f2e3040_0, 0;
    %jmp T_0.13;
T_0.12 ;
    %load/vec4 v000001a00f322e00_0;
    %pad/u 32;
    %cmpi/e 16, 0, 32;
    %jmp/0xz  T_0.14, 4;
    %load/vec4 v000001a00f381c30_0;
    %cmpi/s 64, 0, 32;
    %jmp/0xz  T_0.16, 5;
    %pushi/vec4 0, 0, 8;
    %assign/vec4 v000001a00f2e3040_0, 0;
    %jmp T_0.17;
T_0.16 ;
    %pushi/vec4 127, 0, 8;
    %assign/vec4 v000001a00f2e3040_0, 0;
T_0.17 ;
    %jmp T_0.15;
T_0.14 ;
    %pushi/vec4 0, 0, 1;
    %assign/vec4 v000001a00f381b90_0, 0;
    %pushi/vec4 0, 0, 1;
    %assign/vec4 v000001a00f381190_0, 0;
T_0.15 ;
T_0.13 ;
T_0.11 ;
T_0.8 ;
    %load/vec4 v000001a00f322e00_0;
    %addi 1, 0, 4;
    %assign/vec4 v000001a00f322e00_0, 0;
    %load/vec4 v000001a00f381c30_0;
    %addi 1, 0, 32;
    %assign/vec4 v000001a00f381c30_0, 0;
T_0.5 ;
T_0.3 ;
T_0.1 ;
    %jmp T_0;
    .thread T_0;
    .scope S_000001a00f322ae0;
T_1 ;
    %delay 5, 0;
    %load/vec4 v000001a00f381050_0;
    %inv;
    %store/vec4 v000001a00f381050_0, 0, 1;
    %jmp T_1;
    .thread T_1;
    .scope S_000001a00f322ae0;
T_2 ;
    %vpi_call 2 49 "$dumpfile", "frame_generator_with_error_injection.vcd" {0 0 0};
    %vpi_call 2 50 "$dumpvars", 32'sb00000000000000000000000000000000, S_000001a00f322ae0 {0 0 0};
    %pushi/vec4 0, 0, 1;
    %store/vec4 v000001a00f381050_0, 0, 1;
    %pushi/vec4 0, 0, 1;
    %store/vec4 v000001a00f384080_0, 0, 1;
    %pushi/vec4 0, 0, 1;
    %store/vec4 v000001a00f3832c0_0, 0, 1;
    %pushi/vec4 0, 0, 1;
    %store/vec4 v000001a00f3812d0_0, 0, 1;
    %pushi/vec4 4, 0, 8;
    %store/vec4 v000001a00f381910_0, 0, 8;
    %pushi/vec4 170, 0, 8;
    %store/vec4 v000001a00f3817d0_0, 0, 8;
    %pushi/vec4 187, 0, 8;
    %store/vec4 v000001a00f381cd0_0, 0, 8;
    %pushi/vec4 204, 0, 8;
    %store/vec4 v000001a00f382640_0, 0, 8;
    %pushi/vec4 221, 0, 8;
    %store/vec4 v000001a00f382b40_0, 0, 8;
    %pushi/vec4 238, 0, 8;
    %store/vec4 v000001a00f383400_0, 0, 8;
    %pushi/vec4 255, 0, 8;
    %store/vec4 v000001a00f383680_0, 0, 8;
    %pushi/vec4 1, 0, 8;
    %store/vec4 v000001a00f382a00_0, 0, 8;
    %pushi/vec4 2, 0, 8;
    %store/vec4 v000001a00f383540_0, 0, 8;
    %pushi/vec4 3, 0, 8;
    %store/vec4 v000001a00f384300_0, 0, 8;
    %pushi/vec4 4, 0, 8;
    %store/vec4 v000001a00f383e00_0, 0, 8;
    %pushi/vec4 5, 0, 8;
    %store/vec4 v000001a00f381370_0, 0, 8;
    %pushi/vec4 6, 0, 8;
    %store/vec4 v000001a00f381d70_0, 0, 8;
    %pushi/vec4 7, 0, 8;
    %store/vec4 v000001a00f381e10_0, 0, 8;
    %pushi/vec4 8, 0, 8;
    %store/vec4 v000001a00f381410_0, 0, 8;
    %pushi/vec4 9, 0, 8;
    %store/vec4 v000001a00f381f50_0, 0, 8;
    %pushi/vec4 10, 0, 8;
    %store/vec4 v000001a00f3810f0_0, 0, 8;
    %delay 5, 0;
    %pushi/vec4 1, 0, 1;
    %store/vec4 v000001a00f384080_0, 0, 1;
    %delay 5, 0;
    %pushi/vec4 0, 0, 1;
    %store/vec4 v000001a00f384080_0, 0, 1;
    %delay 5, 0;
    %pushi/vec4 1, 0, 1;
    %store/vec4 v000001a00f3832c0_0, 0, 1;
    %delay 5, 0;
    %pushi/vec4 0, 0, 1;
    %store/vec4 v000001a00f3832c0_0, 0, 1;
    %delay 5, 0;
    %pushi/vec4 1, 0, 1;
    %store/vec4 v000001a00f3812d0_0, 0, 1;
    %delay 200, 0;
    %vpi_call 2 82 "$finish" {0 0 0};
    %end;
    .thread T_2;
# The file index is used to find the file name in the following table.
:file_names 4;
    "N/A";
    "<interactive>";
    "frame_generator_with_error_injection_tb.v";
    "frame_generator_with_error_injection.v";
