#! /c/Source/iverilog-install/bin/vvp
:ivl_version "12.0 (devel)" "(s20150603-1539-g2693dd32b)";
:ivl_delay_selection "TYPICAL";
:vpi_time_precision + 0;
:vpi_module "C:\iverilog\lib\ivl\system.vpi";
:vpi_module "C:\iverilog\lib\ivl\vhdl_sys.vpi";
:vpi_module "C:\iverilog\lib\ivl\vhdl_textio.vpi";
:vpi_module "C:\iverilog\lib\ivl\v2005_math.vpi";
:vpi_module "C:\iverilog\lib\ivl\va_math.vpi";
S_0000023121f0ecd0 .scope module, "frame_generator_with_parity_tb" "frame_generator_with_parity_tb" 2 1;
 .timescale 0 0;
v0000023121f79b90_0 .var "clk", 0 0;
v0000023121f79e10_0 .var "frame_data_in0", 7 0;
v0000023121f79eb0_0 .var "frame_data_in1", 7 0;
v0000023121f79410_0 .var "frame_data_in10", 7 0;
v0000023121f79870_0 .var "frame_data_in11", 7 0;
v0000023121f799b0_0 .var "frame_data_in12", 7 0;
v0000023121f79f50_0 .var "frame_data_in13", 7 0;
v0000023121f79a50_0 .var "frame_data_in14", 7 0;
v0000023121f794b0_0 .var "frame_data_in15", 7 0;
v0000023121f79230_0 .var "frame_data_in2", 7 0;
v0000023121f79050_0 .var "frame_data_in3", 7 0;
v0000023121f79af0_0 .var "frame_data_in4", 7 0;
v0000023121f790f0_0 .var "frame_data_in5", 7 0;
v0000023121f7b2f0_0 .var "frame_data_in6", 7 0;
v0000023121f7c470_0 .var "frame_data_in7", 7 0;
v0000023121f7c650_0 .var "frame_data_in8", 7 0;
v0000023121f7c010_0 .var "frame_data_in9", 7 0;
v0000023121f7c0b0_0 .net "frame_data_with_parity", 8 0, v0000023121f79d70_0;  1 drivers
v0000023121f7b570_0 .var "reset", 0 0;
v0000023121f7b4d0_0 .var "start", 0 0;
S_0000023121f0ee60 .scope module, "uut" "frame_generator_with_parity" 2 13, 3 1 0, S_0000023121f0ecd0;
 .timescale 0 0;
    .port_info 0 /OUTPUT 9 "frame_data_with_parity";
    .port_info 1 /INPUT 1 "clk";
    .port_info 2 /INPUT 1 "reset";
    .port_info 3 /INPUT 1 "start";
    .port_info 4 /INPUT 8 "frame_data_in0";
    .port_info 5 /INPUT 8 "frame_data_in1";
    .port_info 6 /INPUT 8 "frame_data_in2";
    .port_info 7 /INPUT 8 "frame_data_in3";
    .port_info 8 /INPUT 8 "frame_data_in4";
    .port_info 9 /INPUT 8 "frame_data_in5";
    .port_info 10 /INPUT 8 "frame_data_in6";
    .port_info 11 /INPUT 8 "frame_data_in7";
    .port_info 12 /INPUT 8 "frame_data_in8";
    .port_info 13 /INPUT 8 "frame_data_in9";
    .port_info 14 /INPUT 8 "frame_data_in10";
    .port_info 15 /INPUT 8 "frame_data_in11";
    .port_info 16 /INPUT 8 "frame_data_in12";
    .port_info 17 /INPUT 8 "frame_data_in13";
    .port_info 18 /INPUT 8 "frame_data_in14";
    .port_info 19 /INPUT 8 "frame_data_in15";
v0000023121ee2ec0_0 .var "byte_counter", 3 0;
v0000023121ee2f60_0 .net "clk", 0 0, v0000023121f79b90_0;  1 drivers
v0000023121ee3000_0 .net "frame_data_in0", 7 0, v0000023121f79e10_0;  1 drivers
v0000023121ee30a0_0 .net "frame_data_in1", 7 0, v0000023121f79eb0_0;  1 drivers
v0000023121f144c0_0 .net "frame_data_in10", 7 0, v0000023121f79410_0;  1 drivers
v0000023121f14560_0 .net "frame_data_in11", 7 0, v0000023121f79870_0;  1 drivers
v0000023121f14600_0 .net "frame_data_in12", 7 0, v0000023121f799b0_0;  1 drivers
v0000023121f146a0_0 .net "frame_data_in13", 7 0, v0000023121f79f50_0;  1 drivers
v0000023121f14740_0 .net "frame_data_in14", 7 0, v0000023121f79a50_0;  1 drivers
v0000023121f147e0_0 .net "frame_data_in15", 7 0, v0000023121f794b0_0;  1 drivers
v0000023121f14880_0 .net "frame_data_in2", 7 0, v0000023121f79230_0;  1 drivers
v0000023121f79550_0 .net "frame_data_in3", 7 0, v0000023121f79050_0;  1 drivers
v0000023121f79910_0 .net "frame_data_in4", 7 0, v0000023121f79af0_0;  1 drivers
v0000023121f79c30_0 .net "frame_data_in5", 7 0, v0000023121f790f0_0;  1 drivers
v0000023121f792d0_0 .net "frame_data_in6", 7 0, v0000023121f7b2f0_0;  1 drivers
v0000023121f79cd0_0 .net "frame_data_in7", 7 0, v0000023121f7c470_0;  1 drivers
v0000023121f79190_0 .net "frame_data_in8", 7 0, v0000023121f7c650_0;  1 drivers
v0000023121f79370_0 .net "frame_data_in9", 7 0, v0000023121f7c010_0;  1 drivers
v0000023121f79d70_0 .var "frame_data_with_parity", 8 0;
v0000023121f79690_0 .var "parity_bit", 0 0;
v0000023121f79730_0 .net "reset", 0 0, v0000023121f7b570_0;  1 drivers
v0000023121f795f0_0 .net "start", 0 0, v0000023121f7b4d0_0;  1 drivers
v0000023121f797d0_0 .var "transmitting", 0 0;
E_0000023121f0c520 .event posedge, v0000023121f79730_0, v0000023121ee2f60_0;
S_0000023121f21910 .scope function.vec4.s1, "calculate_parity" "calculate_parity" 3 29, 3 29 0, S_0000023121f0ee60;
 .timescale 0 0;
; Variable calculate_parity is vec4 return value of scope S_0000023121f21910
v0000023121ee2d80_0 .var/i "count", 31 0;
v0000023121ee2e20_0 .var "data", 7 0;
TD_frame_generator_with_parity_tb.uut.calculate_parity ;
    %pushi/vec4 0, 0, 32;
    %store/vec4 v0000023121ee2d80_0, 0, 32;
    %fork t_1, S_0000023121f21aa0;
    %jmp t_0;
    .scope S_0000023121f21aa0;
t_1 ;
    %pushi/vec4 0, 0, 32;
    %store/vec4 v000002312206bd70_0, 0, 32;
T_0.0 ;
    %load/vec4 v000002312206bd70_0;
    %cmpi/s 8, 0, 32;
    %jmp/0xz T_0.1, 5;
    %load/vec4 v0000023121ee2e20_0;
    %load/vec4 v000002312206bd70_0;
    %part/s 1;
    %cmpi/e 1, 0, 1;
    %jmp/0xz  T_0.2, 4;
    %load/vec4 v0000023121ee2d80_0;
    %addi 1, 0, 32;
    %store/vec4 v0000023121ee2d80_0, 0, 32;
T_0.2 ;
    %load/vec4 v000002312206bd70_0;
    %addi 1, 0, 32;
    %store/vec4 v000002312206bd70_0, 0, 32;
    %jmp T_0.0;
T_0.1 ;
    %end;
    .scope S_0000023121f21910;
t_0 %join;
    %load/vec4 v0000023121ee2d80_0;
    %pushi/vec4 2, 0, 32;
    %mod/s;
    %cmpi/e 0, 0, 32;
    %flag_mov 8, 4;
    %jmp/0 T_0.4, 8;
    %pushi/vec4 0, 0, 1;
    %jmp/1 T_0.5, 8;
T_0.4 ; End of true expr.
    %pushi/vec4 1, 0, 1;
    %jmp/0 T_0.5, 8;
 ; End of false expr.
    %blend;
T_0.5;
    %ret/vec4 0, 0, 1;  Assign to calculate_parity (store_vec4_to_lval)
    %end;
S_0000023121f21aa0 .scope begin, "$ivl_for_loop0" "$ivl_for_loop0" 3 34, 3 34 0, S_0000023121f21910;
 .timescale 0 0;
v000002312206bd70_0 .var/i "i", 31 0;
    .scope S_0000023121f0ee60;
T_1 ;
    %wait E_0000023121f0c520;
    %load/vec4 v0000023121f79730_0;
    %flag_set/vec4 8;
    %jmp/0xz  T_1.0, 8;
    %pushi/vec4 0, 0, 9;
    %assign/vec4 v0000023121f79d70_0, 0;
    %pushi/vec4 0, 0, 4;
    %assign/vec4 v0000023121ee2ec0_0, 0;
    %pushi/vec4 0, 0, 1;
    %assign/vec4 v0000023121f797d0_0, 0;
    %pushi/vec4 0, 0, 1;
    %assign/vec4 v0000023121f79690_0, 0;
    %jmp T_1.1;
T_1.0 ;
    %load/vec4 v0000023121f795f0_0;
    %flag_set/vec4 9;
    %flag_get/vec4 9;
    %jmp/0 T_1.4, 9;
    %load/vec4 v0000023121f797d0_0;
    %nor/r;
    %and;
T_1.4;
    %flag_set/vec4 8;
    %jmp/0xz  T_1.2, 8;
    %pushi/vec4 1, 0, 1;
    %assign/vec4 v0000023121f797d0_0, 0;
    %pushi/vec4 0, 0, 4;
    %assign/vec4 v0000023121ee2ec0_0, 0;
    %jmp T_1.3;
T_1.2 ;
    %load/vec4 v0000023121f797d0_0;
    %flag_set/vec4 8;
    %jmp/0xz  T_1.5, 8;
    %load/vec4 v0000023121ee2ec0_0;
    %dup/vec4;
    %pushi/vec4 0, 0, 4;
    %cmp/u;
    %jmp/1 T_1.7, 6;
    %dup/vec4;
    %pushi/vec4 1, 0, 4;
    %cmp/u;
    %jmp/1 T_1.8, 6;
    %dup/vec4;
    %pushi/vec4 2, 0, 4;
    %cmp/u;
    %jmp/1 T_1.9, 6;
    %dup/vec4;
    %pushi/vec4 3, 0, 4;
    %cmp/u;
    %jmp/1 T_1.10, 6;
    %pushi/vec4 0, 0, 9;
    %assign/vec4 v0000023121f79d70_0, 0;
    %jmp T_1.12;
T_1.7 ;
    %load/vec4 v0000023121ee3000_0;
    %store/vec4 v0000023121ee2e20_0, 0, 8;
    %callf/vec4 TD_frame_generator_with_parity_tb.uut.calculate_parity, S_0000023121f21910;
    %assign/vec4 v0000023121f79690_0, 0;
    %load/vec4 v0000023121f79690_0;
    %load/vec4 v0000023121ee3000_0;
    %concat/vec4; draw_concat_vec4
    %assign/vec4 v0000023121f79d70_0, 0;
    %jmp T_1.12;
T_1.8 ;
    %load/vec4 v0000023121ee30a0_0;
    %store/vec4 v0000023121ee2e20_0, 0, 8;
    %callf/vec4 TD_frame_generator_with_parity_tb.uut.calculate_parity, S_0000023121f21910;
    %assign/vec4 v0000023121f79690_0, 0;
    %load/vec4 v0000023121f79690_0;
    %load/vec4 v0000023121ee30a0_0;
    %concat/vec4; draw_concat_vec4
    %assign/vec4 v0000023121f79d70_0, 0;
    %jmp T_1.12;
T_1.9 ;
    %load/vec4 v0000023121f14880_0;
    %store/vec4 v0000023121ee2e20_0, 0, 8;
    %callf/vec4 TD_frame_generator_with_parity_tb.uut.calculate_parity, S_0000023121f21910;
    %assign/vec4 v0000023121f79690_0, 0;
    %load/vec4 v0000023121f79690_0;
    %load/vec4 v0000023121f14880_0;
    %concat/vec4; draw_concat_vec4
    %assign/vec4 v0000023121f79d70_0, 0;
    %jmp T_1.12;
T_1.10 ;
    %load/vec4 v0000023121f79550_0;
    %store/vec4 v0000023121ee2e20_0, 0, 8;
    %callf/vec4 TD_frame_generator_with_parity_tb.uut.calculate_parity, S_0000023121f21910;
    %assign/vec4 v0000023121f79690_0, 0;
    %load/vec4 v0000023121f79690_0;
    %load/vec4 v0000023121f79550_0;
    %concat/vec4; draw_concat_vec4
    %assign/vec4 v0000023121f79d70_0, 0;
    %jmp T_1.12;
T_1.12 ;
    %pop/vec4 1;
    %load/vec4 v0000023121ee2ec0_0;
    %addi 1, 0, 4;
    %assign/vec4 v0000023121ee2ec0_0, 0;
    %load/vec4 v0000023121ee2ec0_0;
    %cmpi/e 15, 0, 4;
    %jmp/0xz  T_1.13, 4;
    %pushi/vec4 0, 0, 1;
    %assign/vec4 v0000023121f797d0_0, 0;
T_1.13 ;
T_1.5 ;
T_1.3 ;
T_1.1 ;
    %jmp T_1;
    .thread T_1;
    .scope S_0000023121f0ecd0;
T_2 ;
    %delay 5, 0;
    %load/vec4 v0000023121f79b90_0;
    %inv;
    %store/vec4 v0000023121f79b90_0, 0, 1;
    %jmp T_2;
    .thread T_2;
    .scope S_0000023121f0ecd0;
T_3 ;
    %pushi/vec4 0, 0, 1;
    %store/vec4 v0000023121f79b90_0, 0, 1;
    %pushi/vec4 0, 0, 1;
    %store/vec4 v0000023121f7b570_0, 0, 1;
    %pushi/vec4 0, 0, 1;
    %store/vec4 v0000023121f7b4d0_0, 0, 1;
    %pushi/vec4 170, 0, 8;
    %store/vec4 v0000023121f79e10_0, 0, 8;
    %pushi/vec4 187, 0, 8;
    %store/vec4 v0000023121f79eb0_0, 0, 8;
    %pushi/vec4 204, 0, 8;
    %store/vec4 v0000023121f79230_0, 0, 8;
    %pushi/vec4 221, 0, 8;
    %store/vec4 v0000023121f79050_0, 0, 8;
    %pushi/vec4 238, 0, 8;
    %store/vec4 v0000023121f79af0_0, 0, 8;
    %pushi/vec4 255, 0, 8;
    %store/vec4 v0000023121f790f0_0, 0, 8;
    %pushi/vec4 1, 0, 8;
    %store/vec4 v0000023121f7b2f0_0, 0, 8;
    %pushi/vec4 2, 0, 8;
    %store/vec4 v0000023121f7c470_0, 0, 8;
    %pushi/vec4 3, 0, 8;
    %store/vec4 v0000023121f7c650_0, 0, 8;
    %pushi/vec4 4, 0, 8;
    %store/vec4 v0000023121f7c010_0, 0, 8;
    %pushi/vec4 5, 0, 8;
    %store/vec4 v0000023121f79410_0, 0, 8;
    %pushi/vec4 6, 0, 8;
    %store/vec4 v0000023121f79870_0, 0, 8;
    %pushi/vec4 7, 0, 8;
    %store/vec4 v0000023121f799b0_0, 0, 8;
    %pushi/vec4 8, 0, 8;
    %store/vec4 v0000023121f79f50_0, 0, 8;
    %pushi/vec4 9, 0, 8;
    %store/vec4 v0000023121f79a50_0, 0, 8;
    %pushi/vec4 10, 0, 8;
    %store/vec4 v0000023121f794b0_0, 0, 8;
    %pushi/vec4 1, 0, 1;
    %store/vec4 v0000023121f7b570_0, 0, 1;
    %delay 10, 0;
    %pushi/vec4 0, 0, 1;
    %store/vec4 v0000023121f7b570_0, 0, 1;
    %pushi/vec4 1, 0, 1;
    %store/vec4 v0000023121f7b4d0_0, 0, 1;
    %delay 10, 0;
    %pushi/vec4 0, 0, 1;
    %store/vec4 v0000023121f7b4d0_0, 0, 1;
    %delay 100, 0;
    %vpi_call 2 61 "$finish" {0 0 0};
    %end;
    .thread T_3;
    .scope S_0000023121f0ecd0;
T_4 ;
    %vpi_call 2 66 "$dumpfile", "frame_generator_with_parity_tb.vcd" {0 0 0};
    %vpi_call 2 67 "$dumpvars", 32'sb00000000000000000000000000000000, S_0000023121f0ecd0 {0 0 0};
    %end;
    .thread T_4;
# The file index is used to find the file name in the following table.
:file_names 4;
    "N/A";
    "<interactive>";
    "frame_generator_with_parity_tb.v";
    "frame_generator_with_parity.v";
