#! /c/Source/iverilog-install/bin/vvp
:ivl_version "12.0 (devel)" "(s20150603-1539-g2693dd32b)";
:ivl_delay_selection "TYPICAL";
:vpi_time_precision + 0;
:vpi_module "C:\iverilog\lib\ivl\system.vpi";
:vpi_module "C:\iverilog\lib\ivl\vhdl_sys.vpi";
:vpi_module "C:\iverilog\lib\ivl\vhdl_textio.vpi";
:vpi_module "C:\iverilog\lib\ivl\v2005_math.vpi";
:vpi_module "C:\iverilog\lib\ivl\va_math.vpi";
S_00000237a54fe1b0 .scope module, "frame_generator_tb" "frame_generator_tb" 2 1;
 .timescale 0 0;
v00000237a556a020_0 .var "clk", 0 0;
v00000237a55696c0_0 .net "crc", 7 0, v00000237a551ac00_0;  1 drivers
v00000237a5569b20_0 .net "frame_data", 7 0, v00000237a54fe340_0;  1 drivers
v00000237a5569620_0 .var "frame_data_in0", 7 0;
v00000237a5569f80_0 .var "frame_data_in1", 7 0;
v00000237a5569a80_0 .var "frame_data_in10", 7 0;
v00000237a5569120_0 .var "frame_data_in11", 7 0;
v00000237a5569760_0 .var "frame_data_in12", 7 0;
v00000237a55691c0_0 .var "frame_data_in13", 7 0;
v00000237a5569bc0_0 .var "frame_data_in14", 7 0;
v00000237a5569260_0 .var "frame_data_in15", 7 0;
v00000237a5569300_0 .var "frame_data_in2", 7 0;
v00000237a5569c60_0 .var "frame_data_in3", 7 0;
v00000237a5569800_0 .var "frame_data_in4", 7 0;
v00000237a5569d00_0 .var "frame_data_in5", 7 0;
v00000237a5569da0_0 .var "frame_data_in6", 7 0;
v00000237a5569ee0_0 .var "frame_data_in7", 7 0;
v00000237a556b4e0_0 .var "frame_data_in8", 7 0;
v00000237a556b760_0 .var "frame_data_in9", 7 0;
v00000237a556b9e0_0 .var "reset", 0 0;
v00000237a556b8a0_0 .var "start", 0 0;
S_00000237a5510960 .scope module, "uut" "frame_generator" 2 15, 3 1 0, S_00000237a54fe1b0;
 .timescale 0 0;
    .port_info 0 /OUTPUT 8 "frame_data";
    .port_info 1 /OUTPUT 8 "crc";
    .port_info 2 /INPUT 1 "clk";
    .port_info 3 /INPUT 1 "reset";
    .port_info 4 /INPUT 1 "start";
    .port_info 5 /INPUT 8 "frame_data_in0";
    .port_info 6 /INPUT 8 "frame_data_in1";
    .port_info 7 /INPUT 8 "frame_data_in2";
    .port_info 8 /INPUT 8 "frame_data_in3";
    .port_info 9 /INPUT 8 "frame_data_in4";
    .port_info 10 /INPUT 8 "frame_data_in5";
    .port_info 11 /INPUT 8 "frame_data_in6";
    .port_info 12 /INPUT 8 "frame_data_in7";
    .port_info 13 /INPUT 8 "frame_data_in8";
    .port_info 14 /INPUT 8 "frame_data_in9";
    .port_info 15 /INPUT 8 "frame_data_in10";
    .port_info 16 /INPUT 8 "frame_data_in11";
    .port_info 17 /INPUT 8 "frame_data_in12";
    .port_info 18 /INPUT 8 "frame_data_in13";
    .port_info 19 /INPUT 8 "frame_data_in14";
    .port_info 20 /INPUT 8 "frame_data_in15";
v00000237a54d34f0_0 .var "byte_counter", 3 0;
v00000237a54d30e0_0 .net "clk", 0 0, v00000237a556a020_0;  1 drivers
v00000237a551ac00_0 .var "crc", 7 0;
v00000237a54fe340_0 .var "frame_data", 7 0;
v00000237a54fe3e0_0 .net "frame_data_in0", 7 0, v00000237a5569620_0;  1 drivers
v00000237a5510c50_0 .net "frame_data_in1", 7 0, v00000237a5569f80_0;  1 drivers
v00000237a5510cf0_0 .net "frame_data_in10", 7 0, v00000237a5569a80_0;  1 drivers
v00000237a5504bd0_0 .net "frame_data_in11", 7 0, v00000237a5569120_0;  1 drivers
v00000237a5504c70_0 .net "frame_data_in12", 7 0, v00000237a5569760_0;  1 drivers
v00000237a5504d10_0 .net "frame_data_in13", 7 0, v00000237a55691c0_0;  1 drivers
v00000237a5504db0_0 .net "frame_data_in14", 7 0, v00000237a5569bc0_0;  1 drivers
v00000237a5504e50_0 .net "frame_data_in15", 7 0, v00000237a5569260_0;  1 drivers
v00000237a5504ef0_0 .net "frame_data_in2", 7 0, v00000237a5569300_0;  1 drivers
v00000237a5504f90_0 .net "frame_data_in3", 7 0, v00000237a5569c60_0;  1 drivers
v00000237a5569030_0 .net "frame_data_in4", 7 0, v00000237a5569800_0;  1 drivers
v00000237a55693a0_0 .net "frame_data_in5", 7 0, v00000237a5569d00_0;  1 drivers
v00000237a5569580_0 .net "frame_data_in6", 7 0, v00000237a5569da0_0;  1 drivers
v00000237a5569440_0 .net "frame_data_in7", 7 0, v00000237a5569ee0_0;  1 drivers
v00000237a55694e0_0 .net "frame_data_in8", 7 0, v00000237a556b4e0_0;  1 drivers
v00000237a55698a0_0 .net "frame_data_in9", 7 0, v00000237a556b760_0;  1 drivers
v00000237a5569940_0 .net "reset", 0 0, v00000237a556b9e0_0;  1 drivers
v00000237a5569e40_0 .net "start", 0 0, v00000237a556b8a0_0;  1 drivers
v00000237a55699e0_0 .var "transmitting", 0 0;
E_00000237a54fad70 .event posedge, v00000237a5569940_0, v00000237a54d30e0_0;
    .scope S_00000237a5510960;
T_0 ;
    %wait E_00000237a54fad70;
    %load/vec4 v00000237a5569940_0;
    %flag_set/vec4 8;
    %jmp/0xz  T_0.0, 8;
    %pushi/vec4 0, 0, 8;
    %assign/vec4 v00000237a551ac00_0, 0;
    %jmp T_0.1;
T_0.0 ;
    %load/vec4 v00000237a55699e0_0;
    %flag_set/vec4 8;
    %jmp/0xz  T_0.2, 8;
    %load/vec4 v00000237a551ac00_0;
    %load/vec4 v00000237a54fe340_0;
    %xor;
    %assign/vec4 v00000237a551ac00_0, 0;
T_0.2 ;
T_0.1 ;
    %jmp T_0;
    .thread T_0;
    .scope S_00000237a5510960;
T_1 ;
    %wait E_00000237a54fad70;
    %load/vec4 v00000237a5569940_0;
    %flag_set/vec4 8;
    %jmp/0xz  T_1.0, 8;
    %pushi/vec4 0, 0, 8;
    %assign/vec4 v00000237a54fe340_0, 0;
    %pushi/vec4 0, 0, 4;
    %assign/vec4 v00000237a54d34f0_0, 0;
    %pushi/vec4 0, 0, 1;
    %assign/vec4 v00000237a55699e0_0, 0;
    %jmp T_1.1;
T_1.0 ;
    %load/vec4 v00000237a5569e40_0;
    %flag_set/vec4 9;
    %flag_get/vec4 9;
    %jmp/0 T_1.4, 9;
    %load/vec4 v00000237a55699e0_0;
    %nor/r;
    %and;
T_1.4;
    %flag_set/vec4 8;
    %jmp/0xz  T_1.2, 8;
    %pushi/vec4 1, 0, 1;
    %assign/vec4 v00000237a55699e0_0, 0;
    %pushi/vec4 0, 0, 4;
    %assign/vec4 v00000237a54d34f0_0, 0;
    %jmp T_1.3;
T_1.2 ;
    %load/vec4 v00000237a55699e0_0;
    %flag_set/vec4 8;
    %jmp/0xz  T_1.5, 8;
    %load/vec4 v00000237a54d34f0_0;
    %dup/vec4;
    %pushi/vec4 0, 0, 4;
    %cmp/u;
    %jmp/1 T_1.7, 6;
    %dup/vec4;
    %pushi/vec4 1, 0, 4;
    %cmp/u;
    %jmp/1 T_1.8, 6;
    %dup/vec4;
    %pushi/vec4 2, 0, 4;
    %cmp/u;
    %jmp/1 T_1.9, 6;
    %dup/vec4;
    %pushi/vec4 3, 0, 4;
    %cmp/u;
    %jmp/1 T_1.10, 6;
    %dup/vec4;
    %pushi/vec4 4, 0, 4;
    %cmp/u;
    %jmp/1 T_1.11, 6;
    %dup/vec4;
    %pushi/vec4 5, 0, 4;
    %cmp/u;
    %jmp/1 T_1.12, 6;
    %dup/vec4;
    %pushi/vec4 6, 0, 4;
    %cmp/u;
    %jmp/1 T_1.13, 6;
    %dup/vec4;
    %pushi/vec4 7, 0, 4;
    %cmp/u;
    %jmp/1 T_1.14, 6;
    %dup/vec4;
    %pushi/vec4 8, 0, 4;
    %cmp/u;
    %jmp/1 T_1.15, 6;
    %dup/vec4;
    %pushi/vec4 9, 0, 4;
    %cmp/u;
    %jmp/1 T_1.16, 6;
    %dup/vec4;
    %pushi/vec4 10, 0, 4;
    %cmp/u;
    %jmp/1 T_1.17, 6;
    %dup/vec4;
    %pushi/vec4 11, 0, 4;
    %cmp/u;
    %jmp/1 T_1.18, 6;
    %dup/vec4;
    %pushi/vec4 12, 0, 4;
    %cmp/u;
    %jmp/1 T_1.19, 6;
    %dup/vec4;
    %pushi/vec4 13, 0, 4;
    %cmp/u;
    %jmp/1 T_1.20, 6;
    %dup/vec4;
    %pushi/vec4 14, 0, 4;
    %cmp/u;
    %jmp/1 T_1.21, 6;
    %dup/vec4;
    %pushi/vec4 15, 0, 4;
    %cmp/u;
    %jmp/1 T_1.22, 6;
    %pushi/vec4 0, 0, 8;
    %assign/vec4 v00000237a54fe340_0, 0;
    %jmp T_1.24;
T_1.7 ;
    %load/vec4 v00000237a54fe3e0_0;
    %assign/vec4 v00000237a54fe340_0, 0;
    %jmp T_1.24;
T_1.8 ;
    %load/vec4 v00000237a5510c50_0;
    %assign/vec4 v00000237a54fe340_0, 0;
    %jmp T_1.24;
T_1.9 ;
    %load/vec4 v00000237a5504ef0_0;
    %assign/vec4 v00000237a54fe340_0, 0;
    %jmp T_1.24;
T_1.10 ;
    %load/vec4 v00000237a5504f90_0;
    %assign/vec4 v00000237a54fe340_0, 0;
    %jmp T_1.24;
T_1.11 ;
    %load/vec4 v00000237a5569030_0;
    %assign/vec4 v00000237a54fe340_0, 0;
    %jmp T_1.24;
T_1.12 ;
    %load/vec4 v00000237a55693a0_0;
    %assign/vec4 v00000237a54fe340_0, 0;
    %jmp T_1.24;
T_1.13 ;
    %load/vec4 v00000237a5569580_0;
    %assign/vec4 v00000237a54fe340_0, 0;
    %jmp T_1.24;
T_1.14 ;
    %load/vec4 v00000237a5569440_0;
    %assign/vec4 v00000237a54fe340_0, 0;
    %jmp T_1.24;
T_1.15 ;
    %load/vec4 v00000237a55694e0_0;
    %assign/vec4 v00000237a54fe340_0, 0;
    %jmp T_1.24;
T_1.16 ;
    %load/vec4 v00000237a55698a0_0;
    %assign/vec4 v00000237a54fe340_0, 0;
    %jmp T_1.24;
T_1.17 ;
    %load/vec4 v00000237a5510cf0_0;
    %assign/vec4 v00000237a54fe340_0, 0;
    %jmp T_1.24;
T_1.18 ;
    %load/vec4 v00000237a5504bd0_0;
    %assign/vec4 v00000237a54fe340_0, 0;
    %jmp T_1.24;
T_1.19 ;
    %load/vec4 v00000237a5504c70_0;
    %assign/vec4 v00000237a54fe340_0, 0;
    %jmp T_1.24;
T_1.20 ;
    %load/vec4 v00000237a5504d10_0;
    %assign/vec4 v00000237a54fe340_0, 0;
    %jmp T_1.24;
T_1.21 ;
    %load/vec4 v00000237a5504db0_0;
    %assign/vec4 v00000237a54fe340_0, 0;
    %jmp T_1.24;
T_1.22 ;
    %load/vec4 v00000237a5504e50_0;
    %assign/vec4 v00000237a54fe340_0, 0;
    %jmp T_1.24;
T_1.24 ;
    %pop/vec4 1;
    %load/vec4 v00000237a54d34f0_0;
    %addi 1, 0, 4;
    %assign/vec4 v00000237a54d34f0_0, 0;
    %load/vec4 v00000237a54d34f0_0;
    %cmpi/e 15, 0, 4;
    %jmp/0xz  T_1.25, 4;
    %pushi/vec4 0, 0, 1;
    %assign/vec4 v00000237a55699e0_0, 0;
T_1.25 ;
T_1.5 ;
T_1.3 ;
T_1.1 ;
    %jmp T_1;
    .thread T_1;
    .scope S_00000237a54fe1b0;
T_2 ;
    %delay 5, 0;
    %load/vec4 v00000237a556a020_0;
    %inv;
    %store/vec4 v00000237a556a020_0, 0, 1;
    %jmp T_2;
    .thread T_2;
    .scope S_00000237a54fe1b0;
T_3 ;
    %pushi/vec4 0, 0, 1;
    %store/vec4 v00000237a556a020_0, 0, 1;
    %pushi/vec4 0, 0, 1;
    %store/vec4 v00000237a556b9e0_0, 0, 1;
    %pushi/vec4 0, 0, 1;
    %store/vec4 v00000237a556b8a0_0, 0, 1;
    %pushi/vec4 1, 0, 8;
    %store/vec4 v00000237a5569620_0, 0, 8;
    %pushi/vec4 2, 0, 8;
    %store/vec4 v00000237a5569f80_0, 0, 8;
    %pushi/vec4 3, 0, 8;
    %store/vec4 v00000237a5569300_0, 0, 8;
    %pushi/vec4 4, 0, 8;
    %store/vec4 v00000237a5569c60_0, 0, 8;
    %pushi/vec4 5, 0, 8;
    %store/vec4 v00000237a5569800_0, 0, 8;
    %pushi/vec4 6, 0, 8;
    %store/vec4 v00000237a5569d00_0, 0, 8;
    %pushi/vec4 7, 0, 8;
    %store/vec4 v00000237a5569da0_0, 0, 8;
    %pushi/vec4 8, 0, 8;
    %store/vec4 v00000237a5569ee0_0, 0, 8;
    %pushi/vec4 9, 0, 8;
    %store/vec4 v00000237a556b4e0_0, 0, 8;
    %pushi/vec4 10, 0, 8;
    %store/vec4 v00000237a556b760_0, 0, 8;
    %pushi/vec4 11, 0, 8;
    %store/vec4 v00000237a5569a80_0, 0, 8;
    %pushi/vec4 12, 0, 8;
    %store/vec4 v00000237a5569120_0, 0, 8;
    %pushi/vec4 13, 0, 8;
    %store/vec4 v00000237a5569760_0, 0, 8;
    %pushi/vec4 14, 0, 8;
    %store/vec4 v00000237a55691c0_0, 0, 8;
    %pushi/vec4 15, 0, 8;
    %store/vec4 v00000237a5569bc0_0, 0, 8;
    %pushi/vec4 16, 0, 8;
    %store/vec4 v00000237a5569260_0, 0, 8;
    %pushi/vec4 1, 0, 1;
    %store/vec4 v00000237a556b9e0_0, 0, 1;
    %delay 10, 0;
    %pushi/vec4 0, 0, 1;
    %store/vec4 v00000237a556b9e0_0, 0, 1;
    %pushi/vec4 1, 0, 1;
    %store/vec4 v00000237a556b8a0_0, 0, 1;
    %delay 10, 0;
    %pushi/vec4 0, 0, 1;
    %store/vec4 v00000237a556b8a0_0, 0, 1;
    %delay 160, 0;
    %vpi_call 2 67 "$finish" {0 0 0};
    %end;
    .thread T_3;
    .scope S_00000237a54fe1b0;
T_4 ;
    %vpi_call 2 72 "$dumpfile", "frame_generator_tb.vcd" {0 0 0};
    %vpi_call 2 73 "$dumpvars", 32'sb00000000000000000000000000000000, S_00000237a54fe1b0 {0 0 0};
    %end;
    .thread T_4;
# The file index is used to find the file name in the following table.
:file_names 4;
    "N/A";
    "<interactive>";
    "frame_generator_tb.v";
    "frame_generator.v";
