#! /c/Source/iverilog-install/bin/vvp
:ivl_version "12.0 (devel)" "(s20150603-1539-g2693dd32b)";
:ivl_delay_selection "TYPICAL";
:vpi_time_precision + 0;
:vpi_module "C:\iverilog\lib\ivl\system.vpi";
:vpi_module "C:\iverilog\lib\ivl\vhdl_sys.vpi";
:vpi_module "C:\iverilog\lib\ivl\vhdl_textio.vpi";
:vpi_module "C:\iverilog\lib\ivl\v2005_math.vpi";
:vpi_module "C:\iverilog\lib\ivl\va_math.vpi";
S_00000215a2d3f4d0 .scope module, "frame_generator_with_sync_tb" "frame_generator_with_sync_tb" 2 1;
 .timescale 0 0;
v00000215a2d445b0_0 .var "clk", 0 0;
v00000215a2d443d0_0 .var "frame_data_in0", 7 0;
v00000215a2d44970_0 .var "frame_data_in1", 7 0;
v00000215a2d44330_0 .var "frame_data_in10", 7 0;
v00000215a2d43e30_0 .var "frame_data_in11", 7 0;
v00000215a2d44510_0 .var "frame_data_in12", 7 0;
v00000215a2d44650_0 .var "frame_data_in13", 7 0;
v00000215a2d43f70_0 .var "frame_data_in14", 7 0;
v00000215a2d43ed0_0 .var "frame_data_in15", 7 0;
v00000215a2d44bf0_0 .var "frame_data_in2", 7 0;
v00000215a2d44010_0 .var "frame_data_in3", 7 0;
v00000215a2d440b0_0 .var "frame_data_in4", 7 0;
v00000215a2d44a10_0 .var "frame_data_in5", 7 0;
v00000215a2d44150_0 .var "frame_data_in6", 7 0;
v00000215a2d44ab0_0 .var "frame_data_in7", 7 0;
v00000215a2d44b50_0 .var "frame_data_in8", 7 0;
v00000215a2db3320_0 .var "frame_data_in9", 7 0;
v00000215a2db2240_0 .net "frame_data_with_sync", 9 0, v00000215a2d446f0_0;  1 drivers
v00000215a2db2420_0 .var "reset", 0 0;
v00000215a2db3000_0 .var "start", 0 0;
S_00000215a2d3f660 .scope module, "uut" "frame_generator_with_sync" 2 13, 3 1 0, S_00000215a2d3f4d0;
 .timescale 0 0;
    .port_info 0 /OUTPUT 10 "frame_data_with_sync";
    .port_info 1 /INPUT 1 "clk";
    .port_info 2 /INPUT 1 "reset";
    .port_info 3 /INPUT 1 "start";
    .port_info 4 /INPUT 8 "frame_data_in0";
    .port_info 5 /INPUT 8 "frame_data_in1";
    .port_info 6 /INPUT 8 "frame_data_in2";
    .port_info 7 /INPUT 8 "frame_data_in3";
    .port_info 8 /INPUT 8 "frame_data_in4";
    .port_info 9 /INPUT 8 "frame_data_in5";
    .port_info 10 /INPUT 8 "frame_data_in6";
    .port_info 11 /INPUT 8 "frame_data_in7";
    .port_info 12 /INPUT 8 "frame_data_in8";
    .port_info 13 /INPUT 8 "frame_data_in9";
    .port_info 14 /INPUT 8 "frame_data_in10";
    .port_info 15 /INPUT 8 "frame_data_in11";
    .port_info 16 /INPUT 8 "frame_data_in12";
    .port_info 17 /INPUT 8 "frame_data_in13";
    .port_info 18 /INPUT 8 "frame_data_in14";
    .port_info 19 /INPUT 8 "frame_data_in15";
v00000215a2d5bf10_0 .var "byte_counter", 3 0;
v00000215a2cbbd90_0 .net "clk", 0 0, v00000215a2d445b0_0;  1 drivers
v00000215a2d3f7f0_0 .net "frame_data_in0", 7 0, v00000215a2d443d0_0;  1 drivers
v00000215a2d44d50_0 .net "frame_data_in1", 7 0, v00000215a2d44970_0;  1 drivers
v00000215a2d44df0_0 .net "frame_data_in10", 7 0, v00000215a2d44330_0;  1 drivers
v00000215a2d44e90_0 .net "frame_data_in11", 7 0, v00000215a2d43e30_0;  1 drivers
v00000215a2d44f30_0 .net "frame_data_in12", 7 0, v00000215a2d44510_0;  1 drivers
v00000215a2d51a40_0 .net "frame_data_in13", 7 0, v00000215a2d44650_0;  1 drivers
v00000215a2d51ae0_0 .net "frame_data_in14", 7 0, v00000215a2d43f70_0;  1 drivers
v00000215a2d51b80_0 .net "frame_data_in15", 7 0, v00000215a2d43ed0_0;  1 drivers
v00000215a2d51c20_0 .net "frame_data_in2", 7 0, v00000215a2d44bf0_0;  1 drivers
v00000215a2d51cc0_0 .net "frame_data_in3", 7 0, v00000215a2d44010_0;  1 drivers
v00000215a2da8030_0 .net "frame_data_in4", 7 0, v00000215a2d440b0_0;  1 drivers
v00000215a2da80d0_0 .net "frame_data_in5", 7 0, v00000215a2d44a10_0;  1 drivers
v00000215a2da8170_0 .net "frame_data_in6", 7 0, v00000215a2d44150_0;  1 drivers
v00000215a2d441f0_0 .net "frame_data_in7", 7 0, v00000215a2d44ab0_0;  1 drivers
v00000215a2d44290_0 .net "frame_data_in8", 7 0, v00000215a2d44b50_0;  1 drivers
v00000215a2d44830_0 .net "frame_data_in9", 7 0, v00000215a2db3320_0;  1 drivers
v00000215a2d446f0_0 .var "frame_data_with_sync", 9 0;
v00000215a2d44c90_0 .net "reset", 0 0, v00000215a2db2420_0;  1 drivers
v00000215a2d44790_0 .net "start", 0 0, v00000215a2db3000_0;  1 drivers
v00000215a2d44470_0 .var "start_bit", 0 0;
v00000215a2d448d0_0 .var "stop_bit", 0 0;
v00000215a2d43d90_0 .var "transmitting", 0 0;
E_00000215a2d3ac80 .event posedge, v00000215a2d44c90_0, v00000215a2cbbd90_0;
    .scope S_00000215a2d3f660;
T_0 ;
    %wait E_00000215a2d3ac80;
    %load/vec4 v00000215a2d44c90_0;
    %flag_set/vec4 8;
    %jmp/0xz  T_0.0, 8;
    %pushi/vec4 0, 0, 10;
    %assign/vec4 v00000215a2d446f0_0, 0;
    %pushi/vec4 0, 0, 4;
    %assign/vec4 v00000215a2d5bf10_0, 0;
    %pushi/vec4 0, 0, 1;
    %assign/vec4 v00000215a2d43d90_0, 0;
    %pushi/vec4 0, 0, 1;
    %assign/vec4 v00000215a2d44470_0, 0;
    %pushi/vec4 1, 0, 1;
    %assign/vec4 v00000215a2d448d0_0, 0;
    %jmp T_0.1;
T_0.0 ;
    %load/vec4 v00000215a2d44790_0;
    %flag_set/vec4 9;
    %flag_get/vec4 9;
    %jmp/0 T_0.4, 9;
    %load/vec4 v00000215a2d43d90_0;
    %nor/r;
    %and;
T_0.4;
    %flag_set/vec4 8;
    %jmp/0xz  T_0.2, 8;
    %pushi/vec4 1, 0, 1;
    %assign/vec4 v00000215a2d43d90_0, 0;
    %pushi/vec4 0, 0, 4;
    %assign/vec4 v00000215a2d5bf10_0, 0;
    %jmp T_0.3;
T_0.2 ;
    %load/vec4 v00000215a2d43d90_0;
    %flag_set/vec4 8;
    %jmp/0xz  T_0.5, 8;
    %load/vec4 v00000215a2d5bf10_0;
    %dup/vec4;
    %pushi/vec4 0, 0, 4;
    %cmp/u;
    %jmp/1 T_0.7, 6;
    %dup/vec4;
    %pushi/vec4 1, 0, 4;
    %cmp/u;
    %jmp/1 T_0.8, 6;
    %dup/vec4;
    %pushi/vec4 2, 0, 4;
    %cmp/u;
    %jmp/1 T_0.9, 6;
    %dup/vec4;
    %pushi/vec4 3, 0, 4;
    %cmp/u;
    %jmp/1 T_0.10, 6;
    %dup/vec4;
    %pushi/vec4 4, 0, 4;
    %cmp/u;
    %jmp/1 T_0.11, 6;
    %dup/vec4;
    %pushi/vec4 5, 0, 4;
    %cmp/u;
    %jmp/1 T_0.12, 6;
    %dup/vec4;
    %pushi/vec4 6, 0, 4;
    %cmp/u;
    %jmp/1 T_0.13, 6;
    %dup/vec4;
    %pushi/vec4 7, 0, 4;
    %cmp/u;
    %jmp/1 T_0.14, 6;
    %dup/vec4;
    %pushi/vec4 8, 0, 4;
    %cmp/u;
    %jmp/1 T_0.15, 6;
    %dup/vec4;
    %pushi/vec4 9, 0, 4;
    %cmp/u;
    %jmp/1 T_0.16, 6;
    %dup/vec4;
    %pushi/vec4 10, 0, 4;
    %cmp/u;
    %jmp/1 T_0.17, 6;
    %dup/vec4;
    %pushi/vec4 11, 0, 4;
    %cmp/u;
    %jmp/1 T_0.18, 6;
    %dup/vec4;
    %pushi/vec4 12, 0, 4;
    %cmp/u;
    %jmp/1 T_0.19, 6;
    %dup/vec4;
    %pushi/vec4 13, 0, 4;
    %cmp/u;
    %jmp/1 T_0.20, 6;
    %dup/vec4;
    %pushi/vec4 14, 0, 4;
    %cmp/u;
    %jmp/1 T_0.21, 6;
    %dup/vec4;
    %pushi/vec4 15, 0, 4;
    %cmp/u;
    %jmp/1 T_0.22, 6;
    %pushi/vec4 0, 0, 10;
    %assign/vec4 v00000215a2d446f0_0, 0;
    %jmp T_0.24;
T_0.7 ;
    %load/vec4 v00000215a2d448d0_0;
    %load/vec4 v00000215a2d3f7f0_0;
    %concat/vec4; draw_concat_vec4
    %load/vec4 v00000215a2d44470_0;
    %concat/vec4; draw_concat_vec4
    %assign/vec4 v00000215a2d446f0_0, 0;
    %jmp T_0.24;
T_0.8 ;
    %load/vec4 v00000215a2d448d0_0;
    %load/vec4 v00000215a2d44d50_0;
    %concat/vec4; draw_concat_vec4
    %load/vec4 v00000215a2d44470_0;
    %concat/vec4; draw_concat_vec4
    %assign/vec4 v00000215a2d446f0_0, 0;
    %jmp T_0.24;
T_0.9 ;
    %load/vec4 v00000215a2d448d0_0;
    %load/vec4 v00000215a2d51c20_0;
    %concat/vec4; draw_concat_vec4
    %load/vec4 v00000215a2d44470_0;
    %concat/vec4; draw_concat_vec4
    %assign/vec4 v00000215a2d446f0_0, 0;
    %jmp T_0.24;
T_0.10 ;
    %load/vec4 v00000215a2d448d0_0;
    %load/vec4 v00000215a2d51cc0_0;
    %concat/vec4; draw_concat_vec4
    %load/vec4 v00000215a2d44470_0;
    %concat/vec4; draw_concat_vec4
    %assign/vec4 v00000215a2d446f0_0, 0;
    %jmp T_0.24;
T_0.11 ;
    %load/vec4 v00000215a2d448d0_0;
    %load/vec4 v00000215a2da8030_0;
    %concat/vec4; draw_concat_vec4
    %load/vec4 v00000215a2d44470_0;
    %concat/vec4; draw_concat_vec4
    %assign/vec4 v00000215a2d446f0_0, 0;
    %jmp T_0.24;
T_0.12 ;
    %load/vec4 v00000215a2d448d0_0;
    %load/vec4 v00000215a2da80d0_0;
    %concat/vec4; draw_concat_vec4
    %load/vec4 v00000215a2d44470_0;
    %concat/vec4; draw_concat_vec4
    %assign/vec4 v00000215a2d446f0_0, 0;
    %jmp T_0.24;
T_0.13 ;
    %load/vec4 v00000215a2d448d0_0;
    %load/vec4 v00000215a2da8170_0;
    %concat/vec4; draw_concat_vec4
    %load/vec4 v00000215a2d44470_0;
    %concat/vec4; draw_concat_vec4
    %assign/vec4 v00000215a2d446f0_0, 0;
    %jmp T_0.24;
T_0.14 ;
    %load/vec4 v00000215a2d448d0_0;
    %load/vec4 v00000215a2d441f0_0;
    %concat/vec4; draw_concat_vec4
    %load/vec4 v00000215a2d44470_0;
    %concat/vec4; draw_concat_vec4
    %assign/vec4 v00000215a2d446f0_0, 0;
    %jmp T_0.24;
T_0.15 ;
    %load/vec4 v00000215a2d448d0_0;
    %load/vec4 v00000215a2d44290_0;
    %concat/vec4; draw_concat_vec4
    %load/vec4 v00000215a2d44470_0;
    %concat/vec4; draw_concat_vec4
    %assign/vec4 v00000215a2d446f0_0, 0;
    %jmp T_0.24;
T_0.16 ;
    %load/vec4 v00000215a2d448d0_0;
    %load/vec4 v00000215a2d44830_0;
    %concat/vec4; draw_concat_vec4
    %load/vec4 v00000215a2d44470_0;
    %concat/vec4; draw_concat_vec4
    %assign/vec4 v00000215a2d446f0_0, 0;
    %jmp T_0.24;
T_0.17 ;
    %load/vec4 v00000215a2d448d0_0;
    %load/vec4 v00000215a2d44df0_0;
    %concat/vec4; draw_concat_vec4
    %load/vec4 v00000215a2d44470_0;
    %concat/vec4; draw_concat_vec4
    %assign/vec4 v00000215a2d446f0_0, 0;
    %jmp T_0.24;
T_0.18 ;
    %load/vec4 v00000215a2d448d0_0;
    %load/vec4 v00000215a2d44e90_0;
    %concat/vec4; draw_concat_vec4
    %load/vec4 v00000215a2d44470_0;
    %concat/vec4; draw_concat_vec4
    %assign/vec4 v00000215a2d446f0_0, 0;
    %jmp T_0.24;
T_0.19 ;
    %load/vec4 v00000215a2d448d0_0;
    %load/vec4 v00000215a2d44f30_0;
    %concat/vec4; draw_concat_vec4
    %load/vec4 v00000215a2d44470_0;
    %concat/vec4; draw_concat_vec4
    %assign/vec4 v00000215a2d446f0_0, 0;
    %jmp T_0.24;
T_0.20 ;
    %load/vec4 v00000215a2d448d0_0;
    %load/vec4 v00000215a2d51a40_0;
    %concat/vec4; draw_concat_vec4
    %load/vec4 v00000215a2d44470_0;
    %concat/vec4; draw_concat_vec4
    %assign/vec4 v00000215a2d446f0_0, 0;
    %jmp T_0.24;
T_0.21 ;
    %load/vec4 v00000215a2d448d0_0;
    %load/vec4 v00000215a2d51ae0_0;
    %concat/vec4; draw_concat_vec4
    %load/vec4 v00000215a2d44470_0;
    %concat/vec4; draw_concat_vec4
    %assign/vec4 v00000215a2d446f0_0, 0;
    %jmp T_0.24;
T_0.22 ;
    %load/vec4 v00000215a2d448d0_0;
    %load/vec4 v00000215a2d51b80_0;
    %concat/vec4; draw_concat_vec4
    %load/vec4 v00000215a2d44470_0;
    %concat/vec4; draw_concat_vec4
    %assign/vec4 v00000215a2d446f0_0, 0;
    %jmp T_0.24;
T_0.24 ;
    %pop/vec4 1;
    %load/vec4 v00000215a2d5bf10_0;
    %addi 1, 0, 4;
    %assign/vec4 v00000215a2d5bf10_0, 0;
    %load/vec4 v00000215a2d5bf10_0;
    %cmpi/e 15, 0, 4;
    %jmp/0xz  T_0.25, 4;
    %pushi/vec4 0, 0, 1;
    %assign/vec4 v00000215a2d43d90_0, 0;
T_0.25 ;
T_0.5 ;
T_0.3 ;
T_0.1 ;
    %jmp T_0;
    .thread T_0;
    .scope S_00000215a2d3f4d0;
T_1 ;
    %delay 5, 0;
    %load/vec4 v00000215a2d445b0_0;
    %inv;
    %store/vec4 v00000215a2d445b0_0, 0, 1;
    %jmp T_1;
    .thread T_1;
    .scope S_00000215a2d3f4d0;
T_2 ;
    %pushi/vec4 0, 0, 1;
    %store/vec4 v00000215a2d445b0_0, 0, 1;
    %pushi/vec4 0, 0, 1;
    %store/vec4 v00000215a2db2420_0, 0, 1;
    %pushi/vec4 0, 0, 1;
    %store/vec4 v00000215a2db3000_0, 0, 1;
    %pushi/vec4 170, 0, 8;
    %store/vec4 v00000215a2d443d0_0, 0, 8;
    %pushi/vec4 187, 0, 8;
    %store/vec4 v00000215a2d44970_0, 0, 8;
    %pushi/vec4 204, 0, 8;
    %store/vec4 v00000215a2d44bf0_0, 0, 8;
    %pushi/vec4 221, 0, 8;
    %store/vec4 v00000215a2d44010_0, 0, 8;
    %pushi/vec4 238, 0, 8;
    %store/vec4 v00000215a2d440b0_0, 0, 8;
    %pushi/vec4 255, 0, 8;
    %store/vec4 v00000215a2d44a10_0, 0, 8;
    %pushi/vec4 1, 0, 8;
    %store/vec4 v00000215a2d44150_0, 0, 8;
    %pushi/vec4 2, 0, 8;
    %store/vec4 v00000215a2d44ab0_0, 0, 8;
    %pushi/vec4 3, 0, 8;
    %store/vec4 v00000215a2d44b50_0, 0, 8;
    %pushi/vec4 4, 0, 8;
    %store/vec4 v00000215a2db3320_0, 0, 8;
    %pushi/vec4 5, 0, 8;
    %store/vec4 v00000215a2d44330_0, 0, 8;
    %pushi/vec4 6, 0, 8;
    %store/vec4 v00000215a2d43e30_0, 0, 8;
    %pushi/vec4 7, 0, 8;
    %store/vec4 v00000215a2d44510_0, 0, 8;
    %pushi/vec4 8, 0, 8;
    %store/vec4 v00000215a2d44650_0, 0, 8;
    %pushi/vec4 9, 0, 8;
    %store/vec4 v00000215a2d43f70_0, 0, 8;
    %pushi/vec4 10, 0, 8;
    %store/vec4 v00000215a2d43ed0_0, 0, 8;
    %pushi/vec4 1, 0, 1;
    %store/vec4 v00000215a2db2420_0, 0, 1;
    %delay 10, 0;
    %pushi/vec4 0, 0, 1;
    %store/vec4 v00000215a2db2420_0, 0, 1;
    %pushi/vec4 1, 0, 1;
    %store/vec4 v00000215a2db3000_0, 0, 1;
    %delay 10, 0;
    %pushi/vec4 0, 0, 1;
    %store/vec4 v00000215a2db3000_0, 0, 1;
    %delay 100, 0;
    %vpi_call 2 61 "$finish" {0 0 0};
    %end;
    .thread T_2;
    .scope S_00000215a2d3f4d0;
T_3 ;
    %vpi_call 2 66 "$dumpfile", "frame_generator_with_sync_tb.vcd" {0 0 0};
    %vpi_call 2 67 "$dumpvars", 32'sb00000000000000000000000000000000, S_00000215a2d3f4d0 {0 0 0};
    %end;
    .thread T_3;
# The file index is used to find the file name in the following table.
:file_names 4;
    "N/A";
    "<interactive>";
    "frame_generator_with_sync_tb.v";
    "frame_generator_with_sync.v";
